"../../../Engine/Content/ArtTools/RenderToTexture/Enums/RenderToTexture_Enum.uasset" 0
"../../../Engine/Content/ArtTools/RenderToTexture/Enums/RenderToTexture_Flipbook_Enum.uasset" 1
"../../../Engine/Content/ArtTools/RenderToTexture/Enums/RenderToTexture_Imposter_Enum.uasset" 2
"../../../Engine/Content/ArtTools/RenderToTexture/Enums/EIntTypes.uasset" 3
"../../../Engine/Content/EditorBlueprintResources/StandardMacros.uasset" 4
"../../../Engine/Content/ArtTools/RenderToTexture/Macros/RenderToTextureFunctionLibrary.uasset" 5
"../../../Engine/Content/ArtTools/RenderToTexture/Enums/EFloatTypes.uasset" 6
"../../../Engine/Content/ArtTools/RenderToTexture/Macros/RenderToTextureMacros.uasset" 7
"../../../Engine/Content/EngineMaterials/T_Default_Material_Grid_N.uasset" 8
"../../../Engine/Content/EngineMaterials/T_Default_Material_Grid_M.uasset" 9
"../../../Engine/Content/Functions/Engine_MaterialFunctions01/Opacity/CameraDepthFade.uasset" 10
"../../../Engine/Content/EngineMaterials/WorldGridMaterial.uasset" 11
"../../../Engine/Content/ArtTools/RenderToTexture/Meshes/S_1_Unit_Plane.uasset" 12
"../../../Engine/Content/EngineMaterials/DefaultMaterial.uasset" 13
"../../../Engine/Content/BasicShapes/Cone.uasset" 14
"../../../Engine/Content/EngineMaterials/DefaultPhysicalMaterial.uasset" 15
"../../../Engine/Content/BufferVisualization/AmbientOcclusion.uasset" 16
"../../../Engine/Content/Functions/Engine_MaterialFunctions02/Utility/AppendMany.uasset" 17
"../../../Engine/Content/BufferVisualization/Anisotropy.uasset" 18
"../../../Engine/Content/BufferVisualization/BaseColor.uasset" 19
"../../../Engine/Content/BufferVisualization/CustomDepth.uasset" 20
"../../../Engine/Content/Functions/Engine_MaterialFunctions02/Utility/VectorLength.uasset" 21
"../../../Engine/Content/BufferVisualization/CustomDepthWorldUnits.uasset" 22
"../../../Engine/Content/EngineMaterials/MiniFont.uasset" 23
"../../../Engine/Content/Functions/Engine_MaterialFunctions02/Utility/MakeFloat3.uasset" 24
"../../../Engine/Content/Functions/Engine_MaterialFunctions02/Utility/MakeFloat2.uasset" 25
"../../../Engine/Content/Functions/Engine_MaterialFunctions02/ScreenResolution.uasset" 26
"../../../Engine/Content/Functions/Engine_MaterialFunctions02/Utility/BreakOutFloat2Components.uasset" 27
"../../../Engine/Content/Functions/Engine_MaterialFunctions01/Texturing/ScaleUVsByCenter.uasset" 28
"../../../Engine/Content/Functions/Engine_MaterialFunctions02/Texturing/ScreenAlignedUVs.uasset" 29
"../../../Engine/Content/BufferVisualization/CustomStencil.uasset" 30
"../../../Engine/Content/BufferVisualization/FinalImage.uasset" 31
"../../../Engine/Content/BufferVisualization/LightingModel.uasset" 32
"../../../Engine/Content/BufferVisualization/MaterialAO.uasset" 33
"../../../Engine/Content/BufferVisualization/Metallic.uasset" 34
"../../../Engine/Content/BufferVisualization/Opacity.uasset" 35
"../../../Engine/Content/BufferVisualization/PostTonemapHDRColor.uasset" 36
"../../../Engine/Content/BufferVisualization/PreTonemapHDRColor.uasset" 37
"../../../Engine/Content/BufferVisualization/Roughness.uasset" 38
"../../../Engine/Content/BufferVisualization/SceneColor.uasset" 39
"../../../Engine/Content/BufferVisualization/SceneDepth.uasset" 40
"../../../Engine/Content/BufferVisualization/SceneDepthWorldUnits.uasset" 41
"../../../Engine/Content/BufferVisualization/SeparateTranslucencyA.uasset" 42
"../../../Engine/Content/BufferVisualization/SeparateTranslucencyRGB.uasset" 43
"../../../Engine/Content/BufferVisualization/Specular.uasset" 44
"../../../Engine/Content/BufferVisualization/SubsurfaceColor.uasset" 45
"../../../Engine/Content/BufferVisualization/Velocity.uasset" 46
"../../../Engine/Content/BufferVisualization/WorldNormal.uasset" 47
"../../../Engine/Content/BufferVisualization/WorldTangent.uasset" 48
"../../../Engine/Content/EditorBlueprintResources/ActorMacros.uasset" 49
"../../../Engine/Content/EditorLandscapeResources/DataLayer.uasset" 50
"../../../Engine/Content/EditorLandscapeResources/DefaultAlphaTexture.uasset" 51
"../../../Engine/Content/EditorLandscapeResources/LandscapeGizmoHeight_Mat.uasset" 52
"../../../Engine/Content/EditorLandscapeResources/LandscapeGizmo_Mat.uasset" 53
"../../../Engine/Content/EditorLandscapeResources/LandscapeGizmo_Mat_Copied.uasset" 54
"../../../Engine/Content/EditorLandscapeResources/SplineEditorMeshMat.uasset" 55
"../../../Engine/Content/EditorLandscapeResources/SplineEditorMesh.uasset" 56
"../../../Engine/Content/EditorMaterials/Cross.uasset" 57
"../../../Engine/Content/EditorMaterials/Cross_Mat.uasset" 58
"../../../Engine/Content/Functions/Engine_MaterialFunctions02/Utility/Sign.uasset" 59
"../../../Engine/Content/Functions/Engine_MaterialFunctions02/Utility/Round.uasset" 60
"../../../Engine/Content/EditorResources/T_EditorHelp.uasset" 61
"../../../Engine/Content/Functions/Engine_MaterialFunctions02/ExampleContent/Textures/DebugNumberPeriod.uasset" 62
"../../../Engine/Content/Functions/Engine_MaterialFunctions02/ExampleContent/DebugNumberStrip.uasset" 63
"../../../Engine/Content/EngineMaterials/DefaultDiffuse.uasset" 64
"../../../Engine/Content/Functions/Engine_MaterialFunctions01/Texturing/TextureCropping.uasset" 65
"../../../Engine/Content/Functions/Engine_MaterialFunctions01/Texturing/ComputeMipLevel.uasset" 66
"../../../Engine/Content/Functions/Engine_MaterialFunctions02/Utility/DebugScalarValues.uasset" 67
"../../../Engine/Content/Functions/Engine_MaterialFunctions02/Utility/DebugFloat2Values.uasset" 68
"../../../Engine/Content/Functions/Engine_MaterialFunctions02/ExampleContent/Textures/flipbook.uasset" 69
"../../../Engine/Content/Functions/Engine_MaterialFunctions02/Texturing/FlipBook.uasset" 70
"../../../Engine/Content/EditorMaterials/HelpActorMaterial.uasset" 71
"../../../Engine/Content/Functions/Engine_MaterialFunctions03/Procedurals/ComputeFilterWidth.uasset" 72
"../../../Engine/Content/EngineMaterials/BlendFunc_DefBlend.uasset" 73
"../../../Engine/Content/EngineMaterials/BlendFunc_DefBase.uasset" 74
"../../../Engine/Content/Functions/Engine_MaterialFunctions03/Blends/Blend_Screen.uasset" 75
"../../../Engine/Content/EditorMaterials/TilingAALineIntegral.uasset" 76
"../../../Engine/Content/EditorMaterials/TilingAALineBoxFiltered.uasset" 77
"../../../Engine/Content/EditorMaterials/TilingAAGrid.uasset" 78
"../../../Engine/Content/EditorMaterials/TilingAADots.uasset" 79
"../../../Engine/Content/EditorMaterials/CompositeARGBLayer.uasset" 80
"../../../Engine/Content/EditorMaterials/LevelGridMaterial.uasset" 81
"../../../Engine/Content/EditorResources/LevelGrid1DStripes.uasset" 82
"../../../Engine/Content/EditorMaterials/TextureGridCascaded1D.uasset" 83
"../../../Engine/Content/EditorMaterials/TextureGridCascaded2D.uasset" 84
"../../../Engine/Content/EditorMaterials/MakeCompositeARGBLayer.uasset" 85
"../../../Engine/Content/EditorMaterials/LevelGridMaterial2.uasset" 86
"../../../Engine/Content/EditorMaterials/MAT_Groups_Toggle.uasset" 87
"../../../Engine/Content/EditorMaterials/MAT_Groups_Visibility.uasset" 88
"../../../Engine/Content/EngineMaterials/Grid.uasset" 89
"../../../Engine/Content/EditorResources/TilePatine_N.uasset" 90
"../../../Engine/Content/EditorResources/TilePatine_D.uasset" 91
"../../../Engine/Content/EditorMaterials/AntialiasedGridFloor.uasset" 92
"../../../Engine/Content/EditorMaterials/PersonaFloorMat.uasset" 93
"../../../Engine/Content/EditorMaterials/PhAT_BoneSelectedMaterial.uasset" 94
"../../../Engine/Content/EditorMaterials/PhAT_ElemSelectedMaterial.uasset" 95
"../../../Engine/Content/EditorMaterials/PhAT_NoCollisionMaterial.uasset" 96
"../../../Engine/Content/EditorMaterials/PhAT_UnselectedMaterial.uasset" 97
"../../../Engine/Content/EditorMaterials/PreviewShadowIndicator.uasset" 98
"../../../Engine/Content/EditorMaterials/PreviewShadowIndicatorMaterial.uasset" 99
"../../../Engine/Content/EditorMaterials/TargetIcon.uasset" 100
"../../../Engine/Content/EditorMaterials/Tick.uasset" 101
"../../../Engine/Content/EditorMaterials/Tick_Mat.uasset" 102
"../../../Engine/Content/EditorMaterials/WidgetGridVertexColorMaterial.uasset" 103
"../../../Engine/Content/EditorMaterials/WidgetGridVertexColorMaterial_Ma.uasset" 104
"../../../Engine/Content/EditorMaterials/WidgetMaterial.uasset" 105
"../../../Engine/Content/EditorMaterials/WidgetMaterial_Current.uasset" 106
"../../../Engine/Content/EditorMaterials/WidgetMaterial_X.uasset" 107
"../../../Engine/Content/EditorMaterials/WidgetMaterial_Y.uasset" 108
"../../../Engine/Content/EditorMaterials/WidgetMaterial_Z.uasset" 109
"../../../Engine/Content/EditorMaterials/WidgetVertexColorMaterial.uasset" 110
"../../../Engine/Content/EditorMaterials/AssetViewer/EpicQuadPanorama_CC+EV1.uasset" 111
"../../../Engine/Content/MapTemplates/Sky/SunsetAmbientCubemap.uasset" 112
"../../../Engine/Content/EditorMaterials/AssetViewer/M_SkyBox.uasset" 113
"../../../Engine/Content/EditorMaterials/MatineeGroups/MAT_ColorTrack.uasset" 114
"../../../Engine/Content/EditorMaterials/MatineeGroups/MAT_Groups_Anim.uasset" 115
"../../../Engine/Content/EditorMaterials/MatineeGroups/MAT_Groups_AudioMaster.uasset" 116
"../../../Engine/Content/EditorMaterials/MatineeGroups/MAT_Groups_Director.uasset" 117
"../../../Engine/Content/EditorMaterials/MatineeGroups/MAT_Groups_Event.uasset" 118
"../../../Engine/Content/EditorMaterials/MatineeGroups/MAT_Groups_Fade.uasset" 119
"../../../Engine/Content/EditorMaterials/MatineeGroups/MAT_Groups_Float.uasset" 120
"../../../Engine/Content/EditorMaterials/MatineeGroups/MAT_Groups_Move.uasset" 121
"../../../Engine/Content/EditorMaterials/MatineeGroups/MAT_Groups_Slomo.uasset" 122
"../../../Engine/Content/EditorMaterials/MatineeGroups/MAT_Groups_Sound.uasset" 123
"../../../Engine/Content/EditorMaterials/MatineeGroups/MAT_Groups_Vector.uasset" 124
"../../../Engine/Content/EditorMaterials/ParticleSystems/PSysThumbnail_NoImage.uasset" 125
"../../../Engine/Content/EditorMaterials/ParticleSystems/PSysThumbnail_OOD.uasset" 126
"../../../Engine/Content/EditorMaterials/Thumbnails/FloorPlaneMaterial.uasset" 127
"../../../Engine/Content/EditorMeshes/EditorCube.uasset" 128
"../../../Engine/Content/EditorMeshes/EditorCylinder.uasset" 129
"../../../Engine/Content/EditorMeshes/EditorPlane.uasset" 130
"../../../Engine/Content/EditorMaterials/Thumbnails/SkySphereMaterial.uasset" 131
"../../../Engine/Content/EditorMeshes/EditorSkySphere.uasset" 132
"../../../Engine/Content/EditorMeshes/EditorSphere.uasset" 133
"../../../Engine/Content/EditorResources/MatineeCam_D.uasset" 134
"../../../Engine/Content/EditorMaterials/MatineeCam_mat.uasset" 135
"../../../Engine/Content/EditorMeshes/MatineeCam_SM.uasset" 136
"../../../Engine/Content/Functions/Engine_MaterialFunctions01/Shading/ConvertFromDiffSpec.uasset" 137
"../../../Engine/Content/EditorMaterials/GridMaterial.uasset" 138
"../../../Engine/Content/EditorMeshes/PhAT_FloorBox.uasset" 139
"../../../Engine/Content/EditorMeshes/PlanarReflectionPlane.uasset" 140
"../../../Engine/Content/EditorMeshes/AssetViewer/Floor_Mesh.uasset" 141
"../../../Engine/Content/EditorMeshes/AssetViewer/Sphere_inversenormals.uasset" 142
"../../../Engine/Content/EngineDebugMaterials/M_SimpleOpaque.uasset" 143
"../../../Engine/Content/EditorMaterials/Camera/MI_CineMat_CamViewFinder.uasset" 144
"../../../Engine/Content/EditorMaterials/Camera/CineMat.uasset" 145
"../../../Engine/Content/EditorMaterials/Camera/MI_CineMat_CameraBody.uasset" 146
"../../../Engine/Content/EditorMeshes/Camera/SM_CineCam.uasset" 147
"../../../Engine/Content/EditorMaterials/Camera/MI_CineMat_Rig.uasset" 148
"../../../Engine/Content/EditorMeshes/Camera/SM_CraneRig_Arm.uasset" 149
"../../../Engine/Content/EditorMeshes/Camera/SM_CraneRig_Base.uasset" 150
"../../../Engine/Content/EditorMeshes/Camera/SM_CraneRig_Body.uasset" 151
"../../../Engine/Content/EditorMeshes/Camera/SM_CraneRig_Mount.uasset" 152
"../../../Engine/Content/EditorMeshes/Camera/SM_RailRig_Mount.uasset" 153
"../../../Engine/Content/EditorMeshes/Camera/SM_RailRig_Track.uasset" 154
"../../../Engine/Content/EditorMeshes/ColorCalibrator/M_ChromeBall.uasset" 155
"../../../Engine/Content/EditorResources/Bad.uasset" 156
"../../../Engine/Content/EditorResources/BadBlueprintSprite.uasset" 157
"../../../Engine/Content/EditorResources/BSPVertex.uasset" 158
"../../../Engine/Content/EditorResources/EmptyActor.uasset" 159
"../../../Engine/Content/EditorResources/MatInstActSprite.uasset" 160
"../../../Engine/Content/EditorResources/SceneManager.uasset" 161
"../../../Engine/Content/EditorResources/SmallFont.uasset" 162
"../../../Engine/Content/EditorResources/S_Actor.uasset" 163
"../../../Engine/Content/EditorResources/S_CameraShakeSource.uasset" 164
"../../../Engine/Content/EditorResources/S_DecalActorIcon.uasset" 165
"../../../Engine/Content/EditorResources/S_Emitter.uasset" 166
"../../../Engine/Content/EditorResources/S_ExpoHeightFog.uasset" 167
"../../../Engine/Content/EditorResources/S_FTest.uasset" 168
"../../../Engine/Content/EditorResources/S_KBSJoint.uasset" 169
"../../../Engine/Content/EditorResources/S_KHinge.uasset" 170
"../../../Engine/Content/EditorResources/S_KPrismatic.uasset" 171
"../../../Engine/Content/EditorResources/S_LevelSequence.uasset" 172
"../../../Engine/Content/EditorResources/S_NavP.uasset" 173
"../../../Engine/Content/EditorResources/S_Note.uasset" 174
"../../../Engine/Content/EditorResources/S_Player.uasset" 175
"../../../Engine/Content/EditorResources/S_PortalActorIcon2.uasset" 176
"../../../Engine/Content/EditorResources/S_RadForce.uasset" 177
"../../../Engine/Content/EditorResources/S_ReflActorIcon.uasset" 178
"../../../Engine/Content/EditorResources/S_SkyAtmosphere.uasset" 179
"../../../Engine/Content/EditorResources/S_Solver.uasset" 180
"../../../Engine/Content/EditorResources/S_Terrain.uasset" 181
"../../../Engine/Content/EditorResources/S_TextRenderActorIcon.uasset" 182
"../../../Engine/Content/EditorResources/S_Thruster.uasset" 183
"../../../Engine/Content/EditorResources/S_Trigger.uasset" 184
"../../../Engine/Content/EditorResources/S_VectorFieldVol.uasset" 185
"../../../Engine/Content/EditorResources/S_VolumetricCloud.uasset" 186
"../../../Engine/Content/EditorResources/S_WindDirectional.uasset" 187
"../../../Engine/Content/EditorResources/AI/S_NavLink.uasset" 188
"../../../Engine/Content/EditorResources/LightIcons/SkyLight.uasset" 189
"../../../Engine/Content/EditorResources/LightIcons/S_LightDirectional.uasset" 190
"../../../Engine/Content/EditorResources/LightIcons/S_LightDirectionalMove.uasset" 191
"../../../Engine/Content/EditorResources/LightIcons/S_LightError.uasset" 192
"../../../Engine/Content/EditorResources/LightIcons/S_LightPoint.uasset" 193
"../../../Engine/Content/EditorResources/LightIcons/S_LightPointMove.uasset" 194
"../../../Engine/Content/EditorResources/LightIcons/S_LightSpot.uasset" 195
"../../../Engine/Content/EditorResources/LightIcons/S_LightSpotMove.uasset" 196
"../../../Engine/Content/EditorResources/SequenceRecorder/Countdown.uasset" 197
"../../../Engine/Content/EditorResources/SequenceRecorder/RecordingIndicator.uasset" 198
"../../../Engine/Content/EditorResources/Spline/T_Loft_Spline.uasset" 199
"../../../Engine/Content/EditorSounds/Notifications/CompileFailed.uasset" 200
"../../../Engine/Content/EditorSounds/Notifications/CompileFailed_Cue.uasset" 201
"../../../Engine/Content/EditorSounds/Notifications/CompileSuccess.uasset" 202
"../../../Engine/Content/EditorSounds/Notifications/CompileStart_Cue.uasset" 203
"../../../Engine/Content/EditorSounds/Notifications/CompileSuccess_Cue.uasset" 204
"../../../Engine/Content/EngineDamageTypes/DmgTypeBP_Environmental.uasset" 205
"../../../Engine/Content/EngineDebugMaterials/HeatmapGradient.uasset" 206
"../../../Engine/Content/EngineDebugMaterials/BoneWeightMaterial.uasset" 207
"../../../Engine/Content/EngineDebugMaterials/ClothMaterial.uasset" 208
"../../../Engine/Content/EngineDebugMaterials/ClothMaterial_WF.uasset" 209
"../../../Engine/Content/EngineDebugMaterials/DebugEditorMaterial.uasset" 210
"../../../Engine/Content/EngineDebugMaterials/DebugMeshMaterial.uasset" 211
"../../../Engine/Content/EngineDebugMaterials/GeomMaterial.uasset" 212
"../../../Engine/Content/EngineDebugMaterials/LevelColorationLitMaterial.uasset" 213
"../../../Engine/Content/EngineDebugMaterials/LevelColorationUnlitMaterial.uasset" 214
"../../../Engine/Content/EngineMaterials/DefaultWhiteGrid.uasset" 215
"../../../Engine/Content/EngineDebugMaterials/MAT_LevelColorationLitLightmapUV.uasset" 216
"../../../Engine/Content/EngineDebugMaterials/M_SimpleUnlitTranslucent.uasset" 217
"../../../Engine/Content/EngineDebugMaterials/VolumeToRender.uasset" 218
"../../../Engine/Content/Functions/Engine_MaterialFunctions02/Utility/CameraDirectionVector.uasset" 219
"../../../Engine/Content/EngineDebugMaterials/M_VolumeRenderSphereTracePP.uasset" 220
"../../../Engine/Content/EngineMaterials/DefaultWhiteGrid_Low.uasset" 221
"../../../Engine/Content/EngineDebugMaterials/PhysicalMaterialMaskMaterial.uasset" 222
"../../../Engine/Content/EngineDebugMaterials/ShadedLevelColorationLitMaterial.uasset" 223
"../../../Engine/Content/EngineDebugMaterials/ShadedLevelColorationUnlitMateri.uasset" 224
"../../../Engine/Content/EngineDebugMaterials/VertexColorMaterial.uasset" 225
"../../../Engine/Content/EngineDebugMaterials/VertexColorViewMode_AlphaAsColor.uasset" 226
"../../../Engine/Content/EngineDebugMaterials/VertexColorViewMode_BlueOnly.uasset" 227
"../../../Engine/Content/EngineDebugMaterials/VertexColorViewMode_ColorOnly.uasset" 228
"../../../Engine/Content/EngineDebugMaterials/VertexColorViewMode_GreenOnly.uasset" 229
"../../../Engine/Content/EngineDebugMaterials/VertexColorViewMode_RedOnly.uasset" 230
"../../../Engine/Content/EngineDebugMaterials/WireframeMaterial.uasset" 231
"../../../Engine/Content/EngineFonts/Faces/DroidSansMono.uasset" 232
"../../../Engine/Content/EngineFonts/Faces/DroidSansFallback.uasset" 233
"../../../Engine/Content/EngineFonts/DroidSansMono.uasset" 234
"../../../Engine/Content/EngineFonts/Faces/RobotoRegular.uasset" 235
"../../../Engine/Content/EngineFonts/Faces/RobotoLight.uasset" 236
"../../../Engine/Content/EngineFonts/Faces/RobotoItalic.uasset" 237
"../../../Engine/Content/EngineFonts/Faces/RobotoBoldItalic.uasset" 238
"../../../Engine/Content/EngineFonts/Faces/RobotoBold.uasset" 239
"../../../Engine/Content/EngineFonts/Roboto.uasset" 240
"../../../Engine/Content/EngineFonts/Faces/RobotoTiny.uasset" 241
"../../../Engine/Content/EngineFonts/RobotoTiny.uasset" 242
"../../../Engine/Content/EngineFonts/SmallFont.uasset" 243
"../../../Engine/Content/EngineFonts/TinyFont.uasset" 244
"../../../Engine/Content/EngineMaterials/BaseFlattenNormalMap.uasset" 245
"../../../Engine/Content/EngineMaterials/BaseFlattenGrayscaleMap.uasset" 246
"../../../Engine/Content/EngineMaterials/BaseFlattenEmissiveMap.uasset" 247
"../../../Engine/Content/EngineMaterials/BaseFlattenDiffuseMap.uasset" 248
"../../../Engine/Content/EngineMaterials/BaseFlattenMaterial.uasset" 249
"../../../Engine/Content/EngineResources/WhiteSquareTexture.uasset" 250
"../../../Engine/Content/EngineMaterials/BlinkingCaret.uasset" 251
"../../../Engine/Content/EngineMaterials/BlueNoise.uasset" 252
"../../../Engine/Content/EngineMaterials/DefaultBloomKernel.uasset" 253
"../../../Engine/Content/EngineMaterials/DefaultBokeh.uasset" 254
"../../../Engine/Content/EngineMaterials/DefaultDeferredDecalMaterial.uasset" 255
"../../../Engine/Content/EngineMaterials/DefaultDiffuse_TC_Masks.uasset" 256
"../../../Engine/Content/EngineMaterials/DefaultNormal.uasset" 257
"../../../Engine/Content/EngineMaterials/DefaultPostProcessMaterial.uasset" 258
"../../../Engine/Content/EngineFonts/RobotoDistanceField.uasset" 259
"../../../Engine/Content/EngineMaterials/DefaultTextMaterialOpaque.uasset" 260
"../../../Engine/Content/EngineMaterials/EditorBrushMaterial.uasset" 261
"../../../Engine/Content/EngineMaterials/EmissiveMeshMaterial.uasset" 262
"../../../Engine/Content/EngineMaterials/GizmoMaterial.uasset" 263
"../../../Engine/Content/EngineMaterials/Good64x64TilingNoiseHighFreq.uasset" 264
"../../../Engine/Content/EngineMaterials/Grid_N.uasset" 265
"../../../Engine/Content/EngineMaterials/HighResolutionScreenshotMaskFunction.uasset" 266
"../../../Engine/Content/EngineMaterials/HighResScreenshot.uasset" 267
"../../../Engine/Content/EngineMaterials/HighResScreenshotCaptureRegion.uasset" 268
"../../../Engine/Content/EngineMaterials/HighResScreenshotMask.uasset" 269
"../../../Engine/Content/EngineMaterials/LandscapeHolePhysicalMaterial.uasset" 270
"../../../Engine/Content/EngineMaterials/InvalidLightmapSettings.uasset" 271
"../../../Engine/Content/EngineMaterials/M_InvalidLightmapSettings.uasset" 272
"../../../Engine/Content/EngineMaterials/PaperDiffuse.uasset" 273
"../../../Engine/Content/EngineMaterials/PaperNormal.uasset" 274
"../../../Engine/Content/Functions/Engine_MaterialFunctions02/WorldPositionOffset/CameraOffset.uasset" 275
"../../../Engine/Content/EngineMaterials/PhAT_JointLimitMaterial.uasset" 276
"../../../Engine/Content/EngineMaterials/PhysMat_Rubber.uasset" 277
"../../../Engine/Content/EngineMaterials/PreintegratedSkinBRDF.uasset" 278
"../../../Engine/Content/EngineMaterials/RemoveSurfaceMaterial.uasset" 279
"../../../Engine/Content/EngineMaterials/VolumeTextureThumbnailMaterial.uasset" 280
"../../../Engine/Content/EngineMaterials/WeightMapPlaceholderTexture.uasset" 281
"../../../Engine/Content/Functions/Engine_MaterialFunctions01/ImageAdjustment/sRGBToLinear.uasset" 282
"../../../Engine/Content/Functions/Engine_MaterialFunctions02/Utility/BreakOutFloat3Components.uasset" 283
"../../../Engine/Content/EngineMaterials/Widget3DCameraPassThrough_Opaque_OneSided.uasset" 284
"../../../Engine/Content/EngineMaterials/Widget3DPassThrough.uasset" 285
"../../../Engine/Content/EngineMaterials/Widget3DPassThrough_Masked.uasset" 286
"../../../Engine/Content/EngineMaterials/Widget3DPassThrough_Opaque.uasset" 287
"../../../Engine/Content/EngineMaterials/Widget3DPassThrough_Masked_OneSided.uasset" 288
"../../../Engine/Content/EngineMaterials/Widget3DPassThrough_Opaque_OneSided.uasset" 289
"../../../Engine/Content/EngineMaterials/Widget3DPassThrough_Translucent.uasset" 290
"../../../Engine/Content/EngineMaterials/Widget3DPassThrough_Translucent_OneSided.uasset" 291
"../../../Engine/Content/EngineMeshes/Cylinder.uasset" 292
"../../../Engine/Content/EngineMeshes/Sphere.uasset" 293
"../../../Engine/Content/EngineResources/Black.uasset" 294
"../../../Engine/Content/EngineResources/DefaultTextureCube.uasset" 295
"../../../Engine/Content/EngineResources/DefaultVolumeTexture2D.uasset" 296
"../../../Engine/Content/EngineResources/DefaultVolumeTexture.uasset" 297
"../../../Engine/Content/EngineResources/GradientTexture0.uasset" 298
"../../../Engine/Content/EngineResources/StreamingPauseIcon.uasset" 299
"../../../Engine/Content/EngineResources/M_StreamingPause.uasset" 300
"../../../Engine/Content/EngineSky/VolumetricClouds/T_NoiseShape64.uasset" 301
"../../../Engine/Content/EngineSky/VolumetricClouds/T_VolumeNoiseShape64.uasset" 302
"../../../Engine/Content/EngineSky/VolumetricClouds/T_NoiseErosion.uasset" 303
"../../../Engine/Content/EngineSky/VolumetricClouds/T_VolumeNoiseErosion32.uasset" 304
"../../../Engine/Content/EngineSky/VolumetricClouds/CloudWeatherTexture.uasset" 305
"../../../Engine/Content/EngineSky/VolumetricClouds/CloudGradientTexture.uasset" 306
"../../../Engine/Content/EngineSky/VolumetricClouds/m_SimpleVolumetricCloud.uasset" 307
"../../../Engine/Content/EngineSky/VolumetricClouds/m_SimpleVolumetricCloud_Inst.uasset" 308
"../../../Engine/Content/EngineSounds/Master.uasset" 309
"../../../Engine/Content/Functions/Engine_MaterialFunctions01/Shading/PowerToRoughness.uasset" 310
"../../../Engine/Content/Maps/Templates/Thumbnails/Default.uasset" 311
"../../../Engine/Content/Maps/Templates/Thumbnails/TimeOfDay.uasset" 312
"../../../Engine/Content/Maps/Templates/Thumbnails/VR-Basic.uasset" 313
"../../../Engine/Content/MapTemplates/Sky/DaylightAmbientCubemap.uasset" 314
"../../../Engine/Content/MobileResources/T_MobileControls_texture.uasset" 315
"../../../Engine/Content/MobileResources/T_MobileMenu2.uasset" 316
"../../../Engine/Content/MobileResources/HUD/AnalogHat.uasset" 317
"../../../Engine/Content/MobileResources/HUD/VirtualJoystick_Thumb.uasset" 318
"../../../Engine/Content/MobileResources/HUD/VirtualJoystick_Background.uasset" 319
"../../../Engine/Content/MobileResources/HUD/DefaultVirtualJoysticks.uasset" 320
"../../../Engine/Content/MobileResources/HUD/LeftVirtualJoystickOnly.uasset" 321
"../../../Engine/Content/MobileResources/HUD/MobileHUDButton1_off.uasset" 322
"../../../Engine/Content/MobileResources/HUD/MobileHUDButton1_on.uasset" 323
"../../../Engine/Content/MobileResources/HUD/MobileHUDButton2_off.uasset" 324
"../../../Engine/Content/MobileResources/HUD/MobileHUDButton2_on.uasset" 325
"../../../Engine/Content/MobileResources/HUD/MobileHUDButton3.uasset" 326
"../../../Engine/Content/MobileResources/HUD/MobileHUDButtonFire.uasset" 327
"../../../Engine/Content/MobileResources/HUD/MobileHUDDirectionPad.uasset" 328
"../../../Engine/Content/MobileResources/HUD/MobileHUDDirectionPad2.uasset" 329
"../../../Engine/Content/MobileResources/HUD/MobileHUDDirectionPad3.uasset" 330
"../../../Engine/Content/MobileResources/HUD/MobileHUDDirectionStick.uasset" 331
"../../../Engine/Content/MobileResources/HUD/T_Castle_ThumbstickInner.uasset" 332
"../../../Engine/Content/MobileResources/HUD/T_Castle_ThumbstickOutter.uasset" 333
"../../../Engine/Content/Tutorial/ContentIntroCurve.uasset" 334
"../../../Engine/Content/Tutorial/Basics/LevelEditorAttract.uasset" 335
"../../../Engine/Content/Tutorial/Basics/TutorialAssets/icon_tab_Levels_40x.uasset" 336
"../../../Engine/Content/Tutorial/Basics/LevelEditorOverview.uasset" 337
"../../../Engine/Content/Tutorial/BlueprintTutorials/TutorialAssets/Blueprint_64x.uasset" 338
"../../../Engine/Content/Tutorial/BlueprintTutorials/BlueprintEditorTutorial.uasset" 339
"../../../Engine/Content/Tutorial/BlueprintTutorials/TutorialAssets/Tutorial_BP_MacroLib.uasset" 340
"../../../Engine/Content/Tutorial/Code/AddingCode.uasset" 341
"../../../Engine/Content/Tutorial/Mobile/TutorialAssets/android_Icon.uasset" 342
"../../../Engine/Content/Tutorial/Mobile/SettingUpAndroidTutorial.uasset" 343
"../../../Engine/Content/Tutorial/SubEditors/MaterialEditorTutorial.uasset" 344
"../../../Engine/Content/Tutorial/SubEditors/TutorialAssets/TutorialMaterial.uasset" 345
"../../../Engine/Content/VREditor/Fonts/VRText_RobotoLarge.uasset" 346
"../../../Engine/Content/VREditor/TransformGizmo/TranslucentTransformGizmoMaterial.uasset" 347
"../../../Engine/Content/VREditor/LaserPointer/VR_LaserPower_01.uasset" 348
"../../../Engine/Content/VREditor/TransformGizmo/TransformGizmoMaterial.uasset" 349
"../../../Engine/Content/VREditor/TransformGizmo/BoundingBoxCorner.uasset" 350
"../../../Engine/Content/VREditor/TransformGizmo/BoundingBoxEdge.uasset" 351
"../../../Engine/Content/VREditor/TransformGizmo/PlaneTranslationHandle.uasset" 352
"../../../Engine/Content/VREditor/TransformGizmo/Xray.uasset" 353
"../../../Engine/Content/VREditor/TransformGizmo/Main.uasset" 354
"../../../Engine/Content/VREditor/TransformGizmo/SM_Sequencer_Key.uasset" 355
"../../../Engine/Content/VREditor/TransformGizmo/SM_Sequencer_Node.uasset" 356
"../../../../../../UE4 Projects/Football_Flick/Content/TestMap_BuiltData.uasset" 357
"../../../../../../UE4 Projects/Football_Flick/Content/Blueprints/G8tveuM.uasset" 358
"../../../../../../UE4 Projects/Football_Flick/Content/Blueprints/G8tveuM_Mat.uasset" 359
"../../../../../../UE4 Projects/Football_Flick/Content/Particles_Wind_Control_System/Blueprints/Enumerations/P_Leaves_Enum.uasset" 360
"../../Plugins/2D/Paper2D/Content/PlaceholderTextures/DummySpriteTexture.uasset" 361
"../../Plugins/2D/Paper2D/Content/DummySprite.uasset" 362
"../../Plugins/2D/Paper2D/Content/DefaultPaperTerrainMaterial.uasset" 363
"../../Plugins/2D/Paper2D/Content/DefaultSpriteMaterial.uasset" 364
"../../Plugins/2D/Paper2D/Content/MaskedUnlitSpriteMaterial.uasset" 365
"../../Plugins/2D/Paper2D/Content/OpaqueUnlitSpriteMaterial.uasset" 366
"../../Plugins/Editor/SpeedTreeImporter/Content/SpeedTree9/UnpackInteger3.uasset" 367
"../../Plugins/Editor/SpeedTreeImporter/Content/SpeedTree9/UnpackDirection.uasset" 368
"../../Plugins/Editor/SpeedTreeImporter/Content/SpeedTree9/game_wind_noise.uasset" 369
"../../../Engine/Content/Functions/Engine_MaterialFunctions02/SafeNormalize.uasset" 370
"../../Plugins/Editor/SpeedTreeImporter/Content/SpeedTree9/SpeedTreeWindMotion.uasset" 371
"../../Plugins/Editor/SpeedTreeImporter/Content/SpeedTree9/SpeedTreeBranchMotion.uasset" 372
"../../../Engine/Content/Functions/Engine_MaterialFunctions02/ObjectLocalBounds.uasset" 373
"../../../Engine/Content/Functions/Engine_MaterialFunctions02/UVs/BoundingBoxBased_0-1_UVW.uasset" 374
"../../Plugins/Editor/SpeedTreeImporter/Content/SpeedTree9/SpeedTreeWind.uasset" 375
"../../Plugins/Editor/SpeedTreeImporter/Content/SpeedTree9/SpeedTreeBillboard.uasset" 376
"../../../Engine/Content/EngineResources/DefaultTexture.uasset" 377
"../../Plugins/Editor/SpeedTreeImporter/Content/SpeedTree9/SpeedTreeBillboardMaster.uasset" 378
"../../Plugins/Editor/SpeedTreeImporter/Content/SpeedTree9/SpeedTreeCameraFacing.uasset" 379
"../../Plugins/Editor/SpeedTreeImporter/Content/SpeedTree9/SpeedTreeMaster.uasset" 380
"../../../Engine/Content/BasicShapes/Cylinder.uasset" 381
"../../../Engine/Content/ArtTools/RenderToTexture/Materials/Debug/M_Emissive_Color.uasset" 382
"../../Plugins/Lumin/MagicLeapPassableWorld/Content/MagicLeapARPinInfoActor.uasset" 383
"../../Plugins/FX/Niagara/Content/Enums/ENiagaraAnimTrailWidthMode.uasset" 384
"../../Plugins/FX/Niagara/Content/Enums/ENiagaraArraySamplingMode.uasset" 385
"../../Plugins/FX/Niagara/Content/Enums/ENiagaraBoneSamplingMode.uasset" 386
"../../Plugins/FX/Niagara/Content/Enums/ENiagaraBoneSocketSamplingMode.uasset" 387
"../../Plugins/FX/Niagara/Content/Enums/ENiagaraBooleanLogicOps.uasset" 388
"../../Plugins/FX/Niagara/Content/Enums/ENiagaraBooleanLogicOps_v2.uasset" 389
"../../Plugins/FX/Niagara/Content/Enums/ENiagaraCalculateRadiusOptions.uasset" 390
"../../Plugins/FX/Niagara/Content/Enums/ENiagaraChannelCorrelation.uasset" 391
"../../Plugins/FX/Niagara/Content/Enums/ENiagaraCollisionRadiusOptions.uasset" 392
"../../Plugins/FX/Niagara/Content/Enums/ENiagaraCoordinateSpace.uasset" 393
"../../Plugins/FX/Niagara/Content/Enums/ENiagaraCurlNoiseQuality.uasset" 394
"../../Plugins/FX/Niagara/Content/Enums/ENiagaraEmitterLifeCycleMode.uasset" 395
"../../Plugins/FX/Niagara/Content/Enums/ENiagaraEmitterScalabilityMode.uasset" 396
"../../Plugins/FX/Niagara/Content/Enums/ENiagaraEmitterScalabilityMode_Limited.uasset" 397
"../../Plugins/FX/Niagara/Content/Enums/ENiagaraExecutionStateManagement.uasset" 398
"../../Plugins/FX/Niagara/Content/Enums/ENiagaraExpansionMode.uasset" 399
"../../Plugins/FX/Niagara/Content/Enums/ENiagaraFrictionMergeType.uasset" 400
"../../Plugins/FX/Niagara/Content/Enums/ENiagaraGPUDepthResponseType.uasset" 401
"../../Plugins/FX/Niagara/Content/Enums/ENiagaraGridPlacementType.uasset" 402
"../../Plugins/FX/Niagara/Content/Enums/ENiagaraInactiveMode.uasset" 403
"../../Plugins/FX/Niagara/Content/Enums/ENiagaraKillVolumeOptions.uasset" 404
"../../Plugins/FX/Niagara/Content/Enums/ENiagaraLinearColor_Channels.uasset" 405
"../../Plugins/FX/Niagara/Content/Enums/ENiagaraMassByVolume.uasset" 406
"../../Plugins/FX/Niagara/Content/Enums/ENiagaraMassCalculationForRendererTypes.uasset" 407
"../../Plugins/FX/Niagara/Content/Enums/ENiagaraMeshOrSprite.uasset" 408
"../../Plugins/FX/Niagara/Content/Enums/ENiagaraMeshSamplingMode.uasset" 409
"../../Plugins/FX/Niagara/Content/Enums/ENiagaraMeshSurfaceSamplingMode.uasset" 410
"../../Plugins/FX/Niagara/Content/Enums/ENiagaraMeshTransforms.uasset" 411
"../../Plugins/FX/Niagara/Content/Enums/ENiagaraMinOrMax.uasset" 412
"../../Plugins/FX/Niagara/Content/Enums/ENiagaraNumericVariableTypes.uasset" 413
"../../Plugins/FX/Niagara/Content/Enums/ENiagaraOrientationAxis.uasset" 414
"../../Plugins/FX/Niagara/Content/Enums/ENiagaraQuaternionDerivationTechnique.uasset" 415
"../../Plugins/FX/Niagara/Content/Enums/ENiagaraRandomnessEvaluation.uasset" 416
"../../Plugins/FX/Niagara/Content/Enums/ENiagaraRandomnessMode.uasset" 417
"../../Plugins/FX/Niagara/Content/Enums/ENiagaraRestitutionMergeType.uasset" 418
"../../Plugins/FX/Niagara/Content/Enums/ENiagaraScaleColorMode.uasset" 419
"../../Plugins/FX/Niagara/Content/Enums/ENiagaraSimulationTarget.uasset" 420
"../../Plugins/FX/Niagara/Content/Enums/ENiagaraSkeletalSpawning.uasset" 421
"../../Plugins/FX/Niagara/Content/Enums/ENiagaraSkelSamplingFilteringMode.uasset" 422
"../../Plugins/FX/Niagara/Content/Enums/ENiagaraSkelSamplingModeFull.uasset" 423
"../../Plugins/FX/Niagara/Content/Enums/ENiagaraSocketSamplingMode.uasset" 424
"../../Plugins/FX/Niagara/Content/Enums/ENiagaraSphereDistributionMode.uasset" 425
"../../Plugins/FX/Niagara/Content/Enums/ENiagaraSUbUVAnimationMode.uasset" 426
"../../Plugins/FX/Niagara/Content/Enums/ENiagaraSystemInactiveMode.uasset" 427
"../../Plugins/FX/Niagara/Content/Enums/ENiagaraTorusDistributionMode.uasset" 428
"../../Plugins/FX/Niagara/Content/Enums/ENiagaraTorusMode.uasset" 429
"../../Plugins/FX/Niagara/Content/Enums/ENiagaraTriangleSamplingMode.uasset" 430
"../../Plugins/FX/Niagara/Content/Enums/ENiagaraVector2_Channels.uasset" 431
"../../Plugins/FX/Niagara/Content/Enums/ENiagaraVector3_Channels.uasset" 432
"../../Plugins/FX/Niagara/Content/Enums/ENiagaraVector4_Channels.uasset" 433
"../../Plugins/FX/Niagara/Content/Enums/ENiagaraVertexFilteringMode.uasset" 434
"../../Plugins/FX/Niagara/Content/Enums/ENiagaraVertexSamplingMode.uasset" 435
"../../Plugins/FX/Niagara/Content/Enums/ENiagara_AudioParamType.uasset" 436
"../../Plugins/FX/Niagara/Content/Enums/ENiagara_BankOnTurns.uasset" 437
"../../Plugins/FX/Niagara/Content/Enums/ENiagara_CameraMeshOrientation.uasset" 438
"../../Plugins/FX/Niagara/Content/Enums/ENiagara_CameraProperties.uasset" 439
"../../Plugins/FX/Niagara/Content/Enums/ENiagara_CollisionType.uasset" 440
"../../Plugins/FX/Niagara/Content/Enums/ENiagara_ColorInitializationMode.uasset" 441
"../../Plugins/FX/Niagara/Content/Enums/ENiagara_CPUCollisionType.uasset" 442
"../../Plugins/FX/Niagara/Content/Enums/ENiagara_DirectReadApplicationMode.uasset" 443
"../../Plugins/FX/Niagara/Content/Enums/ENiagara_DirectReadParticleIDSampling.uasset" 444
"../../Plugins/FX/Niagara/Content/Enums/ENiagara_DirectReadSamplingMode.uasset" 445
"../../Plugins/FX/Niagara/Content/Enums/ENiagara_EmitterLocSamplingMode.uasset" 446
"../../Plugins/FX/Niagara/Content/Enums/ENiagara_EmitterStateOptions.uasset" 447
"../../Plugins/FX/Niagara/Content/Enums/ENiagara_FadeOperationType.uasset" 448
"../../Plugins/FX/Niagara/Content/Enums/ENiagara_Float4Channel.uasset" 449
"../../Plugins/FX/Niagara/Content/Enums/ENiagara_GPUCollisionType.uasset" 450
"../../Plugins/FX/Niagara/Content/Enums/ENiagara_IDAttributes.uasset" 451
"../../Plugins/FX/Niagara/Content/Enums/ENiagara_InfiniteLoopDuration.uasset" 452
"../../Plugins/FX/Niagara/Content/Enums/ENiagara_LifetimeInheritanceOptions.uasset" 453
"../../Plugins/FX/Niagara/Content/Enums/ENiagara_LifetimeMode.uasset" 454
"../../Plugins/FX/Niagara/Content/Enums/ENiagara_MassInitializationMode.uasset" 455
"../../Plugins/FX/Niagara/Content/Enums/ENiagara_MultipleLerpCount.uasset" 456
"../../Plugins/FX/Niagara/Content/Enums/ENiagara_PositionInitializationMode.uasset" 457
"../../Plugins/FX/Niagara/Content/Enums/ENiagara_RotationDefinitionApproach.uasset" 458
"../../Plugins/FX/Niagara/Content/Enums/ENiagara_SizeScaleMode.uasset" 459
"../../Plugins/FX/Niagara/Content/Enums/ENiagara_SpawnBurstMode.uasset" 460
"../../Plugins/FX/Niagara/Content/Enums/ENiagara_SpriteRotationMode.uasset" 461
"../../Plugins/FX/Niagara/Content/Enums/ENiagara_SubUVLookupMode.uasset" 462
"../../Plugins/FX/Niagara/Content/Enums/ENiagara_TransformBaseOptions.uasset" 463
"../../Plugins/FX/Niagara/Content/Enums/ENiagara_TransformMode.uasset" 464
"../../Plugins/FX/Niagara/Content/Enums/ENiagara_TransformOrientationMode.uasset" 465
"../../Plugins/FX/Niagara/Content/Enums/ENiagara_UVFlippingMode.uasset" 466
"../../Plugins/FX/Niagara/Content/Enums/Niagara_Units.uasset" 467
"../../Plugins/FX/Niagara/Content/Enums/CascadeConversion/ECascadeNiagaraOrbitChainMode.uasset" 468
"../../Plugins/FX/Niagara/Content/Enums/CascadeConversion/ECascadeNiagaraTwoVectorChannels.uasset" 469
"../../Plugins/FX/Niagara/Content/Icons/S_ParticleSystem.uasset" 470
"../../../Engine/Content/Functions/Engine_MaterialFunctions02/Utility/BreakOutFloat4Components.uasset" 471
"../../Plugins/Runtime/Oculus/OculusVR/Content/Materials/OculusMR_ChromaKey.uasset" 472
"../../Plugins/Runtime/Oculus/OculusVR/Content/Materials/OculusMR_OpaqueColoredMaterial.uasset" 473
"../../Plugins/Runtime/Oculus/OculusVR/Content/Materials/PokeAHoleMaterial.uasset" 474
"../../../../../../UE4 Projects/Football_Flick/Content/PSXEffect/PsxEffect_GlobalParams.uasset" 475
"../../../../../../UE4 Projects/Football_Flick/Content/PSXEffect/PSXEffect_Function.uasset" 476
"../../../../../../UE4 Projects/Football_Flick/Content/Buildings/textures/building_02.uasset" 477
"../../../../../../UE4 Projects/Football_Flick/Content/Buildings/textures/NewMaterial.uasset" 478
"../../../../../../UE4 Projects/Football_Flick/Content/Blueprints/buttons/Buttons_-_Full_Pack.uasset" 479
"../../../../../../UE4 Projects/Football_Flick/Content/Blueprints/buttons/Buttons_-_Full_Pack_Sprite_0.uasset" 480
"../../../../../../UE4 Projects/Football_Flick/Content/Blueprints/buttons/Buttons_-_Full_Pack_Sprite_134.uasset" 481
"../../../../../../UE4 Projects/Football_Flick/Content/Blueprints/buttons/Buttons_-_Full_Pack_Sprite_133.uasset" 482
"../../../../../../UE4 Projects/Football_Flick/Content/Blueprints/buttons/Buttons_-_Full_Pack_Sprite_132.uasset" 483
"../../../../../../UE4 Projects/Football_Flick/Content/Blueprints/buttons/Buttons_-_Full_Pack_Sprite_131.uasset" 484
"../../../../../../UE4 Projects/Football_Flick/Content/Blueprints/buttons/Buttons_-_Full_Pack_Sprite_130.uasset" 485
"../../../../../../UE4 Projects/Football_Flick/Content/Blueprints/buttons/Buttons_-_Full_Pack_Sprite_13.uasset" 486
"../../../../../../UE4 Projects/Football_Flick/Content/Blueprints/buttons/Buttons_-_Full_Pack_Sprite_129.uasset" 487
"../../../../../../UE4 Projects/Football_Flick/Content/Blueprints/buttons/Buttons_-_Full_Pack_Sprite_128.uasset" 488
"../../../../../../UE4 Projects/Football_Flick/Content/Blueprints/buttons/Buttons_-_Full_Pack_Sprite_127.uasset" 489
"../../../../../../UE4 Projects/Football_Flick/Content/Blueprints/buttons/Buttons_-_Full_Pack_Sprite_126.uasset" 490
"../../../../../../UE4 Projects/Football_Flick/Content/Blueprints/buttons/Buttons_-_Full_Pack_Sprite_125.uasset" 491
"../../../../../../UE4 Projects/Football_Flick/Content/Blueprints/buttons/Buttons_-_Full_Pack_Sprite_124.uasset" 492
"../../../../../../UE4 Projects/Football_Flick/Content/Blueprints/buttons/Buttons_-_Full_Pack_Sprite_123.uasset" 493
"../../../../../../UE4 Projects/Football_Flick/Content/Blueprints/buttons/Buttons_-_Full_Pack_Sprite_122.uasset" 494
"../../../../../../UE4 Projects/Football_Flick/Content/Blueprints/buttons/Buttons_-_Full_Pack_Sprite_121.uasset" 495
"../../../../../../UE4 Projects/Football_Flick/Content/Blueprints/buttons/Buttons_-_Full_Pack_Sprite_120.uasset" 496
"../../../../../../UE4 Projects/Football_Flick/Content/Blueprints/buttons/Buttons_-_Full_Pack_Sprite_12.uasset" 497
"../../../../../../UE4 Projects/Football_Flick/Content/Blueprints/buttons/Buttons_-_Full_Pack_Sprite_119.uasset" 498
"../../../../../../UE4 Projects/Football_Flick/Content/Blueprints/buttons/Buttons_-_Full_Pack_Sprite_118.uasset" 499
"../../../../../../UE4 Projects/Football_Flick/Content/Blueprints/buttons/Buttons_-_Full_Pack_Sprite_117.uasset" 500
"../../../../../../UE4 Projects/Football_Flick/Content/Blueprints/buttons/Buttons_-_Full_Pack_Sprite_116.uasset" 501
"../../../../../../UE4 Projects/Football_Flick/Content/Blueprints/buttons/Buttons_-_Full_Pack_Sprite_115.uasset" 502
"../../../../../../UE4 Projects/Football_Flick/Content/Blueprints/buttons/Buttons_-_Full_Pack_Sprite_114.uasset" 503
"../../../../../../UE4 Projects/Football_Flick/Content/Blueprints/buttons/Buttons_-_Full_Pack_Sprite_113.uasset" 504
"../../../../../../UE4 Projects/Football_Flick/Content/Blueprints/buttons/Buttons_-_Full_Pack_Sprite_112.uasset" 505
"../../../../../../UE4 Projects/Football_Flick/Content/Blueprints/buttons/Buttons_-_Full_Pack_Sprite_111.uasset" 506
"../../../../../../UE4 Projects/Football_Flick/Content/Blueprints/buttons/Buttons_-_Full_Pack_Sprite_110.uasset" 507
"../../../../../../UE4 Projects/Football_Flick/Content/Blueprints/buttons/Buttons_-_Full_Pack_Sprite_11.uasset" 508
"../../../../../../UE4 Projects/Football_Flick/Content/Blueprints/buttons/Buttons_-_Full_Pack_Sprite_109.uasset" 509
"../../../../../../UE4 Projects/Football_Flick/Content/Blueprints/buttons/Buttons_-_Full_Pack_Sprite_108.uasset" 510
"../../../../../../UE4 Projects/Football_Flick/Content/Blueprints/buttons/Buttons_-_Full_Pack_Sprite_107.uasset" 511
"../../../../../../UE4 Projects/Football_Flick/Content/Blueprints/buttons/Buttons_-_Full_Pack_Sprite_106.uasset" 512
"../../../../../../UE4 Projects/Football_Flick/Content/Blueprints/buttons/Buttons_-_Full_Pack_Sprite_105.uasset" 513
"../../../../../../UE4 Projects/Football_Flick/Content/Blueprints/buttons/Buttons_-_Full_Pack_Sprite_104.uasset" 514
"../../../../../../UE4 Projects/Football_Flick/Content/Blueprints/buttons/Buttons_-_Full_Pack_Sprite_103.uasset" 515
"../../../../../../UE4 Projects/Football_Flick/Content/Blueprints/buttons/Buttons_-_Full_Pack_Sprite_102.uasset" 516
"../../../../../../UE4 Projects/Football_Flick/Content/Blueprints/buttons/Buttons_-_Full_Pack_Sprite_101.uasset" 517
"../../../../../../UE4 Projects/Football_Flick/Content/Blueprints/buttons/Buttons_-_Full_Pack_Sprite_100.uasset" 518
"../../../../../../UE4 Projects/Football_Flick/Content/Blueprints/buttons/Buttons_-_Full_Pack_Sprite_10.uasset" 519
"../../../../../../UE4 Projects/Football_Flick/Content/Blueprints/buttons/Buttons_-_Full_Pack_Sprite_1.uasset" 520
"../../../../../../UE4 Projects/Football_Flick/Content/button.uasset" 521
"../../../../../../UE4 Projects/Football_Flick/Content/button_Sprite.uasset" 522
"../../../../../../UE4 Projects/Football_Flick/Content/buttonpress.uasset" 523
"../../../../../../UE4 Projects/Football_Flick/Content/Blueprints/buttons/Buttons_-_Full_Pack_Sprite_135.uasset" 524
"../../../../../../UE4 Projects/Football_Flick/Content/Blueprints/buttons/Buttons_-_Full_Pack_Sprite_136.uasset" 525
"../../../../../../UE4 Projects/Football_Flick/Content/Blueprints/buttons/Buttons_-_Full_Pack_Sprite_137.uasset" 526
"../../../../../../UE4 Projects/Football_Flick/Content/Blueprints/buttons/Buttons_-_Full_Pack_Sprite_138.uasset" 527
"../../../../../../UE4 Projects/Football_Flick/Content/Blueprints/buttons/Buttons_-_Full_Pack_Sprite_139.uasset" 528
"../../../../../../UE4 Projects/Football_Flick/Content/Blueprints/buttons/Buttons_-_Full_Pack_Sprite_14.uasset" 529
"../../../../../../UE4 Projects/Football_Flick/Content/Blueprints/buttons/Buttons_-_Full_Pack_Sprite_140.uasset" 530
"../../../../../../UE4 Projects/Football_Flick/Content/Blueprints/buttons/Buttons_-_Full_Pack_Sprite_141.uasset" 531
"../../../../../../UE4 Projects/Football_Flick/Content/Blueprints/buttons/Buttons_-_Full_Pack_Sprite_142.uasset" 532
"../../../../../../UE4 Projects/Football_Flick/Content/Blueprints/buttons/Buttons_-_Full_Pack_Sprite_143.uasset" 533
"../../../../../../UE4 Projects/Football_Flick/Content/Blueprints/buttons/Buttons_-_Full_Pack_Sprite_144.uasset" 534
"../../../../../../UE4 Projects/Football_Flick/Content/Blueprints/buttons/Buttons_-_Full_Pack_Sprite_145.uasset" 535
"../../../../../../UE4 Projects/Football_Flick/Content/Blueprints/buttons/Buttons_-_Full_Pack_Sprite_146.uasset" 536
"../../../../../../UE4 Projects/Football_Flick/Content/Blueprints/buttons/Buttons_-_Full_Pack_Sprite_147.uasset" 537
"../../../../../../UE4 Projects/Football_Flick/Content/Blueprints/buttons/Buttons_-_Full_Pack_Sprite_148.uasset" 538
"../../../../../../UE4 Projects/Football_Flick/Content/Blueprints/buttons/Buttons_-_Full_Pack_Sprite_149.uasset" 539
"../../../../../../UE4 Projects/Football_Flick/Content/Blueprints/buttons/Buttons_-_Full_Pack_Sprite_15.uasset" 540
"../../../../../../UE4 Projects/Football_Flick/Content/Blueprints/buttons/Buttons_-_Full_Pack_Sprite_150.uasset" 541
"../../../../../../UE4 Projects/Football_Flick/Content/Blueprints/buttons/Buttons_-_Full_Pack_Sprite_151.uasset" 542
"../../../../../../UE4 Projects/Football_Flick/Content/Blueprints/buttons/Buttons_-_Full_Pack_Sprite_152.uasset" 543
"../../../../../../UE4 Projects/Football_Flick/Content/Blueprints/buttons/Buttons_-_Full_Pack_Sprite_153.uasset" 544
"../../../../../../UE4 Projects/Football_Flick/Content/Blueprints/buttons/Buttons_-_Full_Pack_Sprite_154.uasset" 545
"../../../../../../UE4 Projects/Football_Flick/Content/Blueprints/buttons/Buttons_-_Full_Pack_Sprite_155.uasset" 546
"../../../../../../UE4 Projects/Football_Flick/Content/Blueprints/buttons/Buttons_-_Full_Pack_Sprite_156.uasset" 547
"../../../../../../UE4 Projects/Football_Flick/Content/Blueprints/buttons/Buttons_-_Full_Pack_Sprite_157.uasset" 548
"../../../../../../UE4 Projects/Football_Flick/Content/Blueprints/buttons/Buttons_-_Full_Pack_Sprite_158.uasset" 549
"../../../../../../UE4 Projects/Football_Flick/Content/Blueprints/buttons/Buttons_-_Full_Pack_Sprite_159.uasset" 550
"../../../../../../UE4 Projects/Football_Flick/Content/Blueprints/buttons/Buttons_-_Full_Pack_Sprite_16.uasset" 551
"../../../../../../UE4 Projects/Football_Flick/Content/Blueprints/buttons/Buttons_-_Full_Pack_Sprite_160.uasset" 552
"../../../../../../UE4 Projects/Football_Flick/Content/Blueprints/buttons/Buttons_-_Full_Pack_Sprite_161.uasset" 553
"../../../../../../UE4 Projects/Football_Flick/Content/Blueprints/buttons/Buttons_-_Full_Pack_Sprite_162.uasset" 554
"../../../../../../UE4 Projects/Football_Flick/Content/Blueprints/buttons/Buttons_-_Full_Pack_Sprite_163.uasset" 555
"../../../../../../UE4 Projects/Football_Flick/Content/Blueprints/buttons/Buttons_-_Full_Pack_Sprite_164.uasset" 556
"../../../../../../UE4 Projects/Football_Flick/Content/Blueprints/buttons/Buttons_-_Full_Pack_Sprite_165.uasset" 557
"../../../../../../UE4 Projects/Football_Flick/Content/Blueprints/buttons/Buttons_-_Full_Pack_Sprite_166.uasset" 558
"../../../../../../UE4 Projects/Football_Flick/Content/Blueprints/buttons/Buttons_-_Full_Pack_Sprite_167.uasset" 559
"../../../../../../UE4 Projects/Football_Flick/Content/Blueprints/buttons/Buttons_-_Full_Pack_Sprite_168.uasset" 560
"../../../../../../UE4 Projects/Football_Flick/Content/Blueprints/buttons/Buttons_-_Full_Pack_Sprite_169.uasset" 561
"../../../../../../UE4 Projects/Football_Flick/Content/Blueprints/buttons/Buttons_-_Full_Pack_Sprite_17.uasset" 562
"../../../../../../UE4 Projects/Football_Flick/Content/Blueprints/buttons/Buttons_-_Full_Pack_Sprite_170.uasset" 563
"../../../../../../UE4 Projects/Football_Flick/Content/Blueprints/buttons/Buttons_-_Full_Pack_Sprite_171.uasset" 564
"../../../../../../UE4 Projects/Football_Flick/Content/Blueprints/buttons/Buttons_-_Full_Pack_Sprite_172.uasset" 565
"../../../../../../UE4 Projects/Football_Flick/Content/Blueprints/buttons/Buttons_-_Full_Pack_Sprite_173.uasset" 566
"../../../../../../UE4 Projects/Football_Flick/Content/Blueprints/buttons/Buttons_-_Full_Pack_Sprite_174.uasset" 567
"../../../../../../UE4 Projects/Football_Flick/Content/Blueprints/buttons/Buttons_-_Full_Pack_Sprite_175.uasset" 568
"../../../../../../UE4 Projects/Football_Flick/Content/Blueprints/buttons/Buttons_-_Full_Pack_Sprite_176.uasset" 569
"../../../../../../UE4 Projects/Football_Flick/Content/Blueprints/buttons/Buttons_-_Full_Pack_Sprite_177.uasset" 570
"../../../../../../UE4 Projects/Football_Flick/Content/Blueprints/buttons/Buttons_-_Full_Pack_Sprite_178.uasset" 571
"../../../../../../UE4 Projects/Football_Flick/Content/Blueprints/buttons/Buttons_-_Full_Pack_Sprite_179.uasset" 572
"../../../../../../UE4 Projects/Football_Flick/Content/Blueprints/buttons/Buttons_-_Full_Pack_Sprite_18.uasset" 573
"../../../../../../UE4 Projects/Football_Flick/Content/Blueprints/buttons/Buttons_-_Full_Pack_Sprite_180.uasset" 574
"../../../../../../UE4 Projects/Football_Flick/Content/Blueprints/buttons/Buttons_-_Full_Pack_Sprite_181.uasset" 575
"../../../../../../UE4 Projects/Football_Flick/Content/Blueprints/buttons/Buttons_-_Full_Pack_Sprite_182.uasset" 576
"../../../../../../UE4 Projects/Football_Flick/Content/Blueprints/buttons/Buttons_-_Full_Pack_Sprite_183.uasset" 577
"../../../../../../UE4 Projects/Football_Flick/Content/Blueprints/buttons/Buttons_-_Full_Pack_Sprite_184.uasset" 578
"../../../../../../UE4 Projects/Football_Flick/Content/Blueprints/buttons/Buttons_-_Full_Pack_Sprite_185.uasset" 579
"../../../../../../UE4 Projects/Football_Flick/Content/Blueprints/buttons/Buttons_-_Full_Pack_Sprite_186.uasset" 580
"../../../../../../UE4 Projects/Football_Flick/Content/Blueprints/buttons/Buttons_-_Full_Pack_Sprite_187.uasset" 581
"../../../../../../UE4 Projects/Football_Flick/Content/Blueprints/buttons/Buttons_-_Full_Pack_Sprite_188.uasset" 582
"../../../../../../UE4 Projects/Football_Flick/Content/Blueprints/buttons/Buttons_-_Full_Pack_Sprite_189.uasset" 583
"../../../../../../UE4 Projects/Football_Flick/Content/Blueprints/buttons/Buttons_-_Full_Pack_Sprite_19.uasset" 584
"../../../../../../UE4 Projects/Football_Flick/Content/Blueprints/buttons/Buttons_-_Full_Pack_Sprite_190.uasset" 585
"../../../../../../UE4 Projects/Football_Flick/Content/Blueprints/buttons/Buttons_-_Full_Pack_Sprite_191.uasset" 586
"../../../../../../UE4 Projects/Football_Flick/Content/Blueprints/buttons/Buttons_-_Full_Pack_Sprite_192.uasset" 587
"../../../../../../UE4 Projects/Football_Flick/Content/Blueprints/buttons/Buttons_-_Full_Pack_Sprite_193.uasset" 588
"../../../../../../UE4 Projects/Football_Flick/Content/Blueprints/buttons/Buttons_-_Full_Pack_Sprite_194.uasset" 589
"../../../../../../UE4 Projects/Football_Flick/Content/Blueprints/buttons/Buttons_-_Full_Pack_Sprite_195.uasset" 590
"../../../../../../UE4 Projects/Football_Flick/Content/Blueprints/buttons/Buttons_-_Full_Pack_Sprite_196.uasset" 591
"../../../../../../UE4 Projects/Football_Flick/Content/Blueprints/buttons/Buttons_-_Full_Pack_Sprite_197.uasset" 592
"../../../../../../UE4 Projects/Football_Flick/Content/Blueprints/buttons/Buttons_-_Full_Pack_Sprite_198.uasset" 593
"../../../../../../UE4 Projects/Football_Flick/Content/Blueprints/buttons/Buttons_-_Full_Pack_Sprite_199.uasset" 594
"../../../../../../UE4 Projects/Football_Flick/Content/Blueprints/buttons/Buttons_-_Full_Pack_Sprite_2.uasset" 595
"../../../../../../UE4 Projects/Football_Flick/Content/Blueprints/buttons/Buttons_-_Full_Pack_Sprite_20.uasset" 596
"../../../../../../UE4 Projects/Football_Flick/Content/Blueprints/buttons/Buttons_-_Full_Pack_Sprite_200.uasset" 597
"../../../../../../UE4 Projects/Football_Flick/Content/Blueprints/buttons/Buttons_-_Full_Pack_Sprite_201.uasset" 598
"../../../../../../UE4 Projects/Football_Flick/Content/Blueprints/buttons/Buttons_-_Full_Pack_Sprite_202.uasset" 599
"../../../../../../UE4 Projects/Football_Flick/Content/Blueprints/buttons/Buttons_-_Full_Pack_Sprite_203.uasset" 600
"../../../../../../UE4 Projects/Football_Flick/Content/Blueprints/buttons/Buttons_-_Full_Pack_Sprite_204.uasset" 601
"../../../../../../UE4 Projects/Football_Flick/Content/Blueprints/buttons/Buttons_-_Full_Pack_Sprite_205.uasset" 602
"../../../../../../UE4 Projects/Football_Flick/Content/Blueprints/buttons/Buttons_-_Full_Pack_Sprite_206.uasset" 603
"../../../../../../UE4 Projects/Football_Flick/Content/Blueprints/buttons/Buttons_-_Full_Pack_Sprite_207.uasset" 604
"../../../../../../UE4 Projects/Football_Flick/Content/Blueprints/buttons/Buttons_-_Full_Pack_Sprite_208.uasset" 605
"../../../../../../UE4 Projects/Football_Flick/Content/Blueprints/buttons/Buttons_-_Full_Pack_Sprite_209.uasset" 606
"../../../../../../UE4 Projects/Football_Flick/Content/Blueprints/buttons/Buttons_-_Full_Pack_Sprite_21.uasset" 607
"../../../../../../UE4 Projects/Football_Flick/Content/Blueprints/buttons/Buttons_-_Full_Pack_Sprite_210.uasset" 608
"../../../../../../UE4 Projects/Football_Flick/Content/Blueprints/buttons/Buttons_-_Full_Pack_Sprite_211.uasset" 609
"../../../../../../UE4 Projects/Football_Flick/Content/Blueprints/buttons/Buttons_-_Full_Pack_Sprite_212.uasset" 610
"../../../../../../UE4 Projects/Football_Flick/Content/Blueprints/buttons/Buttons_-_Full_Pack_Sprite_213.uasset" 611
"../../../../../../UE4 Projects/Football_Flick/Content/Blueprints/buttons/Buttons_-_Full_Pack_Sprite_214.uasset" 612
"../../../../../../UE4 Projects/Football_Flick/Content/Blueprints/buttons/Buttons_-_Full_Pack_Sprite_215.uasset" 613
"../../../../../../UE4 Projects/Football_Flick/Content/Blueprints/buttons/Buttons_-_Full_Pack_Sprite_216.uasset" 614
"../../../../../../UE4 Projects/Football_Flick/Content/Blueprints/buttons/Buttons_-_Full_Pack_Sprite_217.uasset" 615
"../../../../../../UE4 Projects/Football_Flick/Content/Blueprints/buttons/Buttons_-_Full_Pack_Sprite_218.uasset" 616
"../../../../../../UE4 Projects/Football_Flick/Content/Blueprints/buttons/Buttons_-_Full_Pack_Sprite_219.uasset" 617
"../../../../../../UE4 Projects/Football_Flick/Content/Blueprints/buttons/Buttons_-_Full_Pack_Sprite_22.uasset" 618
"../../../../../../UE4 Projects/Football_Flick/Content/Blueprints/buttons/Buttons_-_Full_Pack_Sprite_220.uasset" 619
"../../../../../../UE4 Projects/Football_Flick/Content/Blueprints/buttons/Buttons_-_Full_Pack_Sprite_221.uasset" 620
"../../../../../../UE4 Projects/Football_Flick/Content/Blueprints/buttons/Buttons_-_Full_Pack_Sprite_222.uasset" 621
"../../../../../../UE4 Projects/Football_Flick/Content/Blueprints/buttons/Buttons_-_Full_Pack_Sprite_223.uasset" 622
"../../../../../../UE4 Projects/Football_Flick/Content/Blueprints/buttons/Buttons_-_Full_Pack_Sprite_224.uasset" 623
"../../../../../../UE4 Projects/Football_Flick/Content/Blueprints/buttons/Buttons_-_Full_Pack_Sprite_225.uasset" 624
"../../../../../../UE4 Projects/Football_Flick/Content/Blueprints/buttons/Buttons_-_Full_Pack_Sprite_226.uasset" 625
"../../../../../../UE4 Projects/Football_Flick/Content/Blueprints/buttons/Buttons_-_Full_Pack_Sprite_227.uasset" 626
"../../../../../../UE4 Projects/Football_Flick/Content/Blueprints/buttons/Buttons_-_Full_Pack_Sprite_228.uasset" 627
"../../../../../../UE4 Projects/Football_Flick/Content/Blueprints/buttons/Buttons_-_Full_Pack_Sprite_229.uasset" 628
"../../../../../../UE4 Projects/Football_Flick/Content/Blueprints/buttons/Buttons_-_Full_Pack_Sprite_23.uasset" 629
"../../../../../../UE4 Projects/Football_Flick/Content/Blueprints/buttons/Buttons_-_Full_Pack_Sprite_230.uasset" 630
"../../../../../../UE4 Projects/Football_Flick/Content/Blueprints/buttons/Buttons_-_Full_Pack_Sprite_231.uasset" 631
"../../../../../../UE4 Projects/Football_Flick/Content/Blueprints/buttons/Buttons_-_Full_Pack_Sprite_232.uasset" 632
"../../../../../../UE4 Projects/Football_Flick/Content/Blueprints/buttons/Buttons_-_Full_Pack_Sprite_233.uasset" 633
"../../../../../../UE4 Projects/Football_Flick/Content/Blueprints/buttons/Buttons_-_Full_Pack_Sprite_234.uasset" 634
"../../../../../../UE4 Projects/Football_Flick/Content/Blueprints/buttons/Buttons_-_Full_Pack_Sprite_235.uasset" 635
"../../../../../../UE4 Projects/Football_Flick/Content/Blueprints/buttons/Buttons_-_Full_Pack_Sprite_236.uasset" 636
"../../../../../../UE4 Projects/Football_Flick/Content/Blueprints/buttons/Buttons_-_Full_Pack_Sprite_237.uasset" 637
"../../../../../../UE4 Projects/Football_Flick/Content/Blueprints/buttons/Buttons_-_Full_Pack_Sprite_238.uasset" 638
"../../../../../../UE4 Projects/Football_Flick/Content/Blueprints/buttons/Buttons_-_Full_Pack_Sprite_239.uasset" 639
"../../../../../../UE4 Projects/Football_Flick/Content/Blueprints/buttons/Buttons_-_Full_Pack_Sprite_24.uasset" 640
"../../../../../../UE4 Projects/Football_Flick/Content/Blueprints/buttons/Buttons_-_Full_Pack_Sprite_240.uasset" 641
"../../../../../../UE4 Projects/Football_Flick/Content/Blueprints/buttons/Buttons_-_Full_Pack_Sprite_241.uasset" 642
"../../../../../../UE4 Projects/Football_Flick/Content/Blueprints/buttons/Buttons_-_Full_Pack_Sprite_242.uasset" 643
"../../../../../../UE4 Projects/Football_Flick/Content/Blueprints/buttons/Buttons_-_Full_Pack_Sprite_243.uasset" 644
"../../../../../../UE4 Projects/Football_Flick/Content/Blueprints/buttons/Buttons_-_Full_Pack_Sprite_244.uasset" 645
"../../../../../../UE4 Projects/Football_Flick/Content/Blueprints/buttons/Buttons_-_Full_Pack_Sprite_245.uasset" 646
"../../../../../../UE4 Projects/Football_Flick/Content/Blueprints/buttons/Buttons_-_Full_Pack_Sprite_246.uasset" 647
"../../../../../../UE4 Projects/Football_Flick/Content/Blueprints/buttons/Buttons_-_Full_Pack_Sprite_247.uasset" 648
"../../../../../../UE4 Projects/Football_Flick/Content/Blueprints/buttons/Buttons_-_Full_Pack_Sprite_248.uasset" 649
"../../../../../../UE4 Projects/Football_Flick/Content/Blueprints/buttons/Buttons_-_Full_Pack_Sprite_249.uasset" 650
"../../../../../../UE4 Projects/Football_Flick/Content/Blueprints/buttons/Buttons_-_Full_Pack_Sprite_25.uasset" 651
"../../../../../../UE4 Projects/Football_Flick/Content/Blueprints/buttons/Buttons_-_Full_Pack_Sprite_250.uasset" 652
"../../../../../../UE4 Projects/Football_Flick/Content/Blueprints/buttons/Buttons_-_Full_Pack_Sprite_251.uasset" 653
"../../../../../../UE4 Projects/Football_Flick/Content/Blueprints/buttons/Buttons_-_Full_Pack_Sprite_252.uasset" 654
"../../../../../../UE4 Projects/Football_Flick/Content/Blueprints/buttons/Buttons_-_Full_Pack_Sprite_253.uasset" 655
"../../../../../../UE4 Projects/Football_Flick/Content/Blueprints/buttons/Buttons_-_Full_Pack_Sprite_254.uasset" 656
"../../../../../../UE4 Projects/Football_Flick/Content/Blueprints/buttons/Buttons_-_Full_Pack_Sprite_255.uasset" 657
"../../../../../../UE4 Projects/Football_Flick/Content/Blueprints/buttons/Buttons_-_Full_Pack_Sprite_256.uasset" 658
"../../../../../../UE4 Projects/Football_Flick/Content/Blueprints/buttons/Buttons_-_Full_Pack_Sprite_257.uasset" 659
"../../../../../../UE4 Projects/Football_Flick/Content/Blueprints/buttons/Buttons_-_Full_Pack_Sprite_258.uasset" 660
"../../../../../../UE4 Projects/Football_Flick/Content/Blueprints/buttons/Buttons_-_Full_Pack_Sprite_259.uasset" 661
"../../../../../../UE4 Projects/Football_Flick/Content/Blueprints/buttons/Buttons_-_Full_Pack_Sprite_26.uasset" 662
"../../../../../../UE4 Projects/Football_Flick/Content/Blueprints/buttons/Buttons_-_Full_Pack_Sprite_260.uasset" 663
"../../../../../../UE4 Projects/Football_Flick/Content/Blueprints/buttons/Buttons_-_Full_Pack_Sprite_261.uasset" 664
"../../../../../../UE4 Projects/Football_Flick/Content/Blueprints/buttons/Buttons_-_Full_Pack_Sprite_262.uasset" 665
"../../../../../../UE4 Projects/Football_Flick/Content/Blueprints/buttons/Buttons_-_Full_Pack_Sprite_263.uasset" 666
"../../../../../../UE4 Projects/Football_Flick/Content/Blueprints/buttons/Buttons_-_Full_Pack_Sprite_264.uasset" 667
"../../../../../../UE4 Projects/Football_Flick/Content/Blueprints/buttons/Buttons_-_Full_Pack_Sprite_265.uasset" 668
"../../../../../../UE4 Projects/Football_Flick/Content/Blueprints/buttons/Buttons_-_Full_Pack_Sprite_266.uasset" 669
"../../../../../../UE4 Projects/Football_Flick/Content/Blueprints/buttons/Buttons_-_Full_Pack_Sprite_267.uasset" 670
"../../../../../../UE4 Projects/Football_Flick/Content/Blueprints/buttons/Buttons_-_Full_Pack_Sprite_268.uasset" 671
"../../../../../../UE4 Projects/Football_Flick/Content/Blueprints/buttons/Buttons_-_Full_Pack_Sprite_269.uasset" 672
"../../../../../../UE4 Projects/Football_Flick/Content/Blueprints/buttons/Buttons_-_Full_Pack_Sprite_27.uasset" 673
"../../../../../../UE4 Projects/Football_Flick/Content/Blueprints/buttons/Buttons_-_Full_Pack_Sprite_270.uasset" 674
"../../../../../../UE4 Projects/Football_Flick/Content/Blueprints/buttons/Buttons_-_Full_Pack_Sprite_271.uasset" 675
"../../../../../../UE4 Projects/Football_Flick/Content/Blueprints/buttons/Buttons_-_Full_Pack_Sprite_272.uasset" 676
"../../../../../../UE4 Projects/Football_Flick/Content/Blueprints/buttons/Buttons_-_Full_Pack_Sprite_273.uasset" 677
"../../../../../../UE4 Projects/Football_Flick/Content/Blueprints/buttons/Buttons_-_Full_Pack_Sprite_274.uasset" 678
"../../../../../../UE4 Projects/Football_Flick/Content/Blueprints/buttons/Buttons_-_Full_Pack_Sprite_275.uasset" 679
"../../../../../../UE4 Projects/Football_Flick/Content/Blueprints/buttons/Buttons_-_Full_Pack_Sprite_276.uasset" 680
"../../../../../../UE4 Projects/Football_Flick/Content/Blueprints/buttons/Buttons_-_Full_Pack_Sprite_277.uasset" 681
"../../../../../../UE4 Projects/Football_Flick/Content/Blueprints/buttons/Buttons_-_Full_Pack_Sprite_278.uasset" 682
"../../../../../../UE4 Projects/Football_Flick/Content/Blueprints/buttons/Buttons_-_Full_Pack_Sprite_279.uasset" 683
"../../../../../../UE4 Projects/Football_Flick/Content/Blueprints/buttons/Buttons_-_Full_Pack_Sprite_28.uasset" 684
"../../../../../../UE4 Projects/Football_Flick/Content/Blueprints/buttons/Buttons_-_Full_Pack_Sprite_280.uasset" 685
"../../../../../../UE4 Projects/Football_Flick/Content/Blueprints/buttons/Buttons_-_Full_Pack_Sprite_281.uasset" 686
"../../../../../../UE4 Projects/Football_Flick/Content/Blueprints/buttons/Buttons_-_Full_Pack_Sprite_282.uasset" 687
"../../../../../../UE4 Projects/Football_Flick/Content/Blueprints/buttons/Buttons_-_Full_Pack_Sprite_283.uasset" 688
"../../../../../../UE4 Projects/Football_Flick/Content/Blueprints/buttons/Buttons_-_Full_Pack_Sprite_284.uasset" 689
"../../../../../../UE4 Projects/Football_Flick/Content/Blueprints/buttons/Buttons_-_Full_Pack_Sprite_285.uasset" 690
"../../../../../../UE4 Projects/Football_Flick/Content/Blueprints/buttons/Buttons_-_Full_Pack_Sprite_286.uasset" 691
"../../../../../../UE4 Projects/Football_Flick/Content/Blueprints/buttons/Buttons_-_Full_Pack_Sprite_287.uasset" 692
"../../../../../../UE4 Projects/Football_Flick/Content/Blueprints/buttons/Buttons_-_Full_Pack_Sprite_288.uasset" 693
"../../../../../../UE4 Projects/Football_Flick/Content/Blueprints/buttons/Buttons_-_Full_Pack_Sprite_289.uasset" 694
"../../../../../../UE4 Projects/Football_Flick/Content/Blueprints/buttons/Buttons_-_Full_Pack_Sprite_29.uasset" 695
"../../../../../../UE4 Projects/Football_Flick/Content/Blueprints/buttons/Buttons_-_Full_Pack_Sprite_290.uasset" 696
"../../../../../../UE4 Projects/Football_Flick/Content/Blueprints/buttons/Buttons_-_Full_Pack_Sprite_291.uasset" 697
"../../../../../../UE4 Projects/Football_Flick/Content/Blueprints/buttons/Buttons_-_Full_Pack_Sprite_292.uasset" 698
"../../../../../../UE4 Projects/Football_Flick/Content/Blueprints/buttons/Buttons_-_Full_Pack_Sprite_293.uasset" 699
"../../../../../../UE4 Projects/Football_Flick/Content/Blueprints/buttons/Buttons_-_Full_Pack_Sprite_294.uasset" 700
"../../../../../../UE4 Projects/Football_Flick/Content/Blueprints/buttons/Buttons_-_Full_Pack_Sprite_295.uasset" 701
"../../../../../../UE4 Projects/Football_Flick/Content/Blueprints/buttons/Buttons_-_Full_Pack_Sprite_296.uasset" 702
"../../../../../../UE4 Projects/Football_Flick/Content/Blueprints/buttons/Buttons_-_Full_Pack_Sprite_297.uasset" 703
"../../../../../../UE4 Projects/Football_Flick/Content/Blueprints/buttons/Buttons_-_Full_Pack_Sprite_298.uasset" 704
"../../../../../../UE4 Projects/Football_Flick/Content/Blueprints/buttons/Buttons_-_Full_Pack_Sprite_299.uasset" 705
"../../../../../../UE4 Projects/Football_Flick/Content/Blueprints/buttons/Buttons_-_Full_Pack_Sprite_3.uasset" 706
"../../../../../../UE4 Projects/Football_Flick/Content/Blueprints/buttons/Buttons_-_Full_Pack_Sprite_30.uasset" 707
"../../../../../../UE4 Projects/Football_Flick/Content/Blueprints/buttons/Buttons_-_Full_Pack_Sprite_300.uasset" 708
"../../../../../../UE4 Projects/Football_Flick/Content/Blueprints/buttons/Buttons_-_Full_Pack_Sprite_301.uasset" 709
"../../../../../../UE4 Projects/Football_Flick/Content/Blueprints/buttons/Buttons_-_Full_Pack_Sprite_302.uasset" 710
"../../../../../../UE4 Projects/Football_Flick/Content/Blueprints/buttons/Buttons_-_Full_Pack_Sprite_303.uasset" 711
"../../../../../../UE4 Projects/Football_Flick/Content/Blueprints/buttons/Buttons_-_Full_Pack_Sprite_304.uasset" 712
"../../../../../../UE4 Projects/Football_Flick/Content/Blueprints/buttons/Buttons_-_Full_Pack_Sprite_305.uasset" 713
"../../../../../../UE4 Projects/Football_Flick/Content/Blueprints/buttons/Buttons_-_Full_Pack_Sprite_306.uasset" 714
"../../../../../../UE4 Projects/Football_Flick/Content/Blueprints/buttons/Buttons_-_Full_Pack_Sprite_307.uasset" 715
"../../../../../../UE4 Projects/Football_Flick/Content/Blueprints/buttons/Buttons_-_Full_Pack_Sprite_308.uasset" 716
"../../../../../../UE4 Projects/Football_Flick/Content/Blueprints/buttons/Buttons_-_Full_Pack_Sprite_309.uasset" 717
"../../../../../../UE4 Projects/Football_Flick/Content/Blueprints/buttons/Buttons_-_Full_Pack_Sprite_31.uasset" 718
"../../../../../../UE4 Projects/Football_Flick/Content/Blueprints/buttons/Buttons_-_Full_Pack_Sprite_310.uasset" 719
"../../../../../../UE4 Projects/Football_Flick/Content/Blueprints/buttons/Buttons_-_Full_Pack_Sprite_311.uasset" 720
"../../../../../../UE4 Projects/Football_Flick/Content/Blueprints/buttons/Buttons_-_Full_Pack_Sprite_312.uasset" 721
"../../../../../../UE4 Projects/Football_Flick/Content/Blueprints/buttons/Buttons_-_Full_Pack_Sprite_313.uasset" 722
"../../../../../../UE4 Projects/Football_Flick/Content/Blueprints/buttons/Buttons_-_Full_Pack_Sprite_314.uasset" 723
"../../../../../../UE4 Projects/Football_Flick/Content/Blueprints/buttons/Buttons_-_Full_Pack_Sprite_315.uasset" 724
"../../../../../../UE4 Projects/Football_Flick/Content/Blueprints/buttons/Buttons_-_Full_Pack_Sprite_316.uasset" 725
"../../../../../../UE4 Projects/Football_Flick/Content/Blueprints/buttons/Buttons_-_Full_Pack_Sprite_317.uasset" 726
"../../../../../../UE4 Projects/Football_Flick/Content/Blueprints/buttons/Buttons_-_Full_Pack_Sprite_318.uasset" 727
"../../../../../../UE4 Projects/Football_Flick/Content/Blueprints/buttons/Buttons_-_Full_Pack_Sprite_319.uasset" 728
"../../../../../../UE4 Projects/Football_Flick/Content/Blueprints/buttons/Buttons_-_Full_Pack_Sprite_32.uasset" 729
"../../../../../../UE4 Projects/Football_Flick/Content/Blueprints/buttons/Buttons_-_Full_Pack_Sprite_320.uasset" 730
"../../../../../../UE4 Projects/Football_Flick/Content/Blueprints/buttons/Buttons_-_Full_Pack_Sprite_321.uasset" 731
"../../../../../../UE4 Projects/Football_Flick/Content/Blueprints/buttons/Buttons_-_Full_Pack_Sprite_322.uasset" 732
"../../../../../../UE4 Projects/Football_Flick/Content/Blueprints/buttons/Buttons_-_Full_Pack_Sprite_323.uasset" 733
"../../../../../../UE4 Projects/Football_Flick/Content/Blueprints/buttons/Buttons_-_Full_Pack_Sprite_324.uasset" 734
"../../../../../../UE4 Projects/Football_Flick/Content/Blueprints/buttons/Buttons_-_Full_Pack_Sprite_325.uasset" 735
"../../../../../../UE4 Projects/Football_Flick/Content/Blueprints/buttons/Buttons_-_Full_Pack_Sprite_326.uasset" 736
"../../../../../../UE4 Projects/Football_Flick/Content/Blueprints/buttons/Buttons_-_Full_Pack_Sprite_327.uasset" 737
"../../../../../../UE4 Projects/Football_Flick/Content/Blueprints/buttons/Buttons_-_Full_Pack_Sprite_328.uasset" 738
"../../../../../../UE4 Projects/Football_Flick/Content/Blueprints/buttons/Buttons_-_Full_Pack_Sprite_329.uasset" 739
"../../../../../../UE4 Projects/Football_Flick/Content/Blueprints/buttons/Buttons_-_Full_Pack_Sprite_33.uasset" 740
"../../../../../../UE4 Projects/Football_Flick/Content/Blueprints/buttons/Buttons_-_Full_Pack_Sprite_330.uasset" 741
"../../../../../../UE4 Projects/Football_Flick/Content/Blueprints/buttons/Buttons_-_Full_Pack_Sprite_331.uasset" 742
"../../../../../../UE4 Projects/Football_Flick/Content/Blueprints/buttons/Buttons_-_Full_Pack_Sprite_332.uasset" 743
"../../../../../../UE4 Projects/Football_Flick/Content/Blueprints/buttons/Buttons_-_Full_Pack_Sprite_333.uasset" 744
"../../../../../../UE4 Projects/Football_Flick/Content/Blueprints/buttons/Buttons_-_Full_Pack_Sprite_334.uasset" 745
"../../../../../../UE4 Projects/Football_Flick/Content/Blueprints/buttons/Buttons_-_Full_Pack_Sprite_335.uasset" 746
"../../../../../../UE4 Projects/Football_Flick/Content/Blueprints/buttons/Buttons_-_Full_Pack_Sprite_336.uasset" 747
"../../../../../../UE4 Projects/Football_Flick/Content/Blueprints/buttons/Buttons_-_Full_Pack_Sprite_337.uasset" 748
"../../../../../../UE4 Projects/Football_Flick/Content/Blueprints/buttons/Buttons_-_Full_Pack_Sprite_338.uasset" 749
"../../../../../../UE4 Projects/Football_Flick/Content/Blueprints/buttons/Buttons_-_Full_Pack_Sprite_339.uasset" 750
"../../../../../../UE4 Projects/Football_Flick/Content/Blueprints/buttons/Buttons_-_Full_Pack_Sprite_34.uasset" 751
"../../../../../../UE4 Projects/Football_Flick/Content/Blueprints/buttons/Buttons_-_Full_Pack_Sprite_340.uasset" 752
"../../../../../../UE4 Projects/Football_Flick/Content/Blueprints/buttons/Buttons_-_Full_Pack_Sprite_341.uasset" 753
"../../../../../../UE4 Projects/Football_Flick/Content/Blueprints/buttons/Buttons_-_Full_Pack_Sprite_342.uasset" 754
"../../../../../../UE4 Projects/Football_Flick/Content/Blueprints/buttons/Buttons_-_Full_Pack_Sprite_343.uasset" 755
"../../../../../../UE4 Projects/Football_Flick/Content/Blueprints/buttons/Buttons_-_Full_Pack_Sprite_344.uasset" 756
"../../../../../../UE4 Projects/Football_Flick/Content/Blueprints/buttons/Buttons_-_Full_Pack_Sprite_345.uasset" 757
"../../../../../../UE4 Projects/Football_Flick/Content/Blueprints/buttons/Buttons_-_Full_Pack_Sprite_346.uasset" 758
"../../../../../../UE4 Projects/Football_Flick/Content/Blueprints/buttons/Buttons_-_Full_Pack_Sprite_347.uasset" 759
"../../../../../../UE4 Projects/Football_Flick/Content/Blueprints/buttons/Buttons_-_Full_Pack_Sprite_348.uasset" 760
"../../../../../../UE4 Projects/Football_Flick/Content/Blueprints/buttons/Buttons_-_Full_Pack_Sprite_349.uasset" 761
"../../../../../../UE4 Projects/Football_Flick/Content/Blueprints/buttons/Buttons_-_Full_Pack_Sprite_35.uasset" 762
"../../../../../../UE4 Projects/Football_Flick/Content/Blueprints/buttons/Buttons_-_Full_Pack_Sprite_350.uasset" 763
"../../../../../../UE4 Projects/Football_Flick/Content/Blueprints/buttons/Buttons_-_Full_Pack_Sprite_351.uasset" 764
"../../../../../../UE4 Projects/Football_Flick/Content/Blueprints/buttons/Buttons_-_Full_Pack_Sprite_36.uasset" 765
"../../../../../../UE4 Projects/Football_Flick/Content/Blueprints/buttons/Buttons_-_Full_Pack_Sprite_37.uasset" 766
"../../../../../../UE4 Projects/Football_Flick/Content/Blueprints/buttons/Buttons_-_Full_Pack_Sprite_38.uasset" 767
"../../../../../../UE4 Projects/Football_Flick/Content/Blueprints/buttons/Buttons_-_Full_Pack_Sprite_39.uasset" 768
"../../../../../../UE4 Projects/Football_Flick/Content/Blueprints/buttons/Buttons_-_Full_Pack_Sprite_4.uasset" 769
"../../../../../../UE4 Projects/Football_Flick/Content/Blueprints/buttons/Buttons_-_Full_Pack_Sprite_40.uasset" 770
"../../../../../../UE4 Projects/Football_Flick/Content/Blueprints/buttons/Buttons_-_Full_Pack_Sprite_41.uasset" 771
"../../../../../../UE4 Projects/Football_Flick/Content/Blueprints/buttons/Buttons_-_Full_Pack_Sprite_42.uasset" 772
"../../../../../../UE4 Projects/Football_Flick/Content/Blueprints/buttons/Buttons_-_Full_Pack_Sprite_43.uasset" 773
"../../../../../../UE4 Projects/Football_Flick/Content/Blueprints/buttons/Buttons_-_Full_Pack_Sprite_44.uasset" 774
"../../../../../../UE4 Projects/Football_Flick/Content/Blueprints/buttons/Buttons_-_Full_Pack_Sprite_45.uasset" 775
"../../../../../../UE4 Projects/Football_Flick/Content/Blueprints/buttons/Buttons_-_Full_Pack_Sprite_46.uasset" 776
"../../../../../../UE4 Projects/Football_Flick/Content/Blueprints/buttons/Buttons_-_Full_Pack_Sprite_47.uasset" 777
"../../../../../../UE4 Projects/Football_Flick/Content/Blueprints/buttons/Buttons_-_Full_Pack_Sprite_48.uasset" 778
"../../../../../../UE4 Projects/Football_Flick/Content/Blueprints/buttons/Buttons_-_Full_Pack_Sprite_49.uasset" 779
"../../../../../../UE4 Projects/Football_Flick/Content/Blueprints/buttons/Buttons_-_Full_Pack_Sprite_5.uasset" 780
"../../../../../../UE4 Projects/Football_Flick/Content/Blueprints/buttons/Buttons_-_Full_Pack_Sprite_50.uasset" 781
"../../../../../../UE4 Projects/Football_Flick/Content/Blueprints/buttons/Buttons_-_Full_Pack_Sprite_51.uasset" 782
"../../../../../../UE4 Projects/Football_Flick/Content/Blueprints/buttons/Buttons_-_Full_Pack_Sprite_52.uasset" 783
"../../../../../../UE4 Projects/Football_Flick/Content/Blueprints/buttons/Buttons_-_Full_Pack_Sprite_53.uasset" 784
"../../../../../../UE4 Projects/Football_Flick/Content/Blueprints/buttons/Buttons_-_Full_Pack_Sprite_54.uasset" 785
"../../../../../../UE4 Projects/Football_Flick/Content/Blueprints/buttons/Buttons_-_Full_Pack_Sprite_55.uasset" 786
"../../../../../../UE4 Projects/Football_Flick/Content/Blueprints/buttons/Buttons_-_Full_Pack_Sprite_56.uasset" 787
"../../../../../../UE4 Projects/Football_Flick/Content/Blueprints/buttons/Buttons_-_Full_Pack_Sprite_57.uasset" 788
"../../../../../../UE4 Projects/Football_Flick/Content/Blueprints/buttons/Buttons_-_Full_Pack_Sprite_58.uasset" 789
"../../../../../../UE4 Projects/Football_Flick/Content/Blueprints/buttons/Buttons_-_Full_Pack_Sprite_59.uasset" 790
"../../../../../../UE4 Projects/Football_Flick/Content/Blueprints/buttons/Buttons_-_Full_Pack_Sprite_6.uasset" 791
"../../../../../../UE4 Projects/Football_Flick/Content/Blueprints/buttons/Buttons_-_Full_Pack_Sprite_60.uasset" 792
"../../../../../../UE4 Projects/Football_Flick/Content/Blueprints/buttons/Buttons_-_Full_Pack_Sprite_61.uasset" 793
"../../../../../../UE4 Projects/Football_Flick/Content/Blueprints/buttons/Buttons_-_Full_Pack_Sprite_62.uasset" 794
"../../../../../../UE4 Projects/Football_Flick/Content/Blueprints/buttons/Buttons_-_Full_Pack_Sprite_63.uasset" 795
"../../../../../../UE4 Projects/Football_Flick/Content/Blueprints/buttons/Buttons_-_Full_Pack_Sprite_64.uasset" 796
"../../../../../../UE4 Projects/Football_Flick/Content/Blueprints/buttons/Buttons_-_Full_Pack_Sprite_65.uasset" 797
"../../../../../../UE4 Projects/Football_Flick/Content/Blueprints/buttons/Buttons_-_Full_Pack_Sprite_66.uasset" 798
"../../../../../../UE4 Projects/Football_Flick/Content/Blueprints/buttons/Buttons_-_Full_Pack_Sprite_67.uasset" 799
"../../../../../../UE4 Projects/Football_Flick/Content/Blueprints/buttons/Buttons_-_Full_Pack_Sprite_68.uasset" 800
"../../../../../../UE4 Projects/Football_Flick/Content/Blueprints/buttons/Buttons_-_Full_Pack_Sprite_69.uasset" 801
"../../../../../../UE4 Projects/Football_Flick/Content/Blueprints/buttons/Buttons_-_Full_Pack_Sprite_7.uasset" 802
"../../../../../../UE4 Projects/Football_Flick/Content/Blueprints/buttons/Buttons_-_Full_Pack_Sprite_70.uasset" 803
"../../../../../../UE4 Projects/Football_Flick/Content/Blueprints/buttons/Buttons_-_Full_Pack_Sprite_71.uasset" 804
"../../../../../../UE4 Projects/Football_Flick/Content/Blueprints/buttons/Buttons_-_Full_Pack_Sprite_72.uasset" 805
"../../../../../../UE4 Projects/Football_Flick/Content/Blueprints/buttons/Buttons_-_Full_Pack_Sprite_73.uasset" 806
"../../../../../../UE4 Projects/Football_Flick/Content/Blueprints/buttons/Buttons_-_Full_Pack_Sprite_74.uasset" 807
"../../../../../../UE4 Projects/Football_Flick/Content/Blueprints/buttons/Buttons_-_Full_Pack_Sprite_75.uasset" 808
"../../../../../../UE4 Projects/Football_Flick/Content/Blueprints/buttons/Buttons_-_Full_Pack_Sprite_76.uasset" 809
"../../../../../../UE4 Projects/Football_Flick/Content/Blueprints/buttons/Buttons_-_Full_Pack_Sprite_77.uasset" 810
"../../../../../../UE4 Projects/Football_Flick/Content/Blueprints/buttons/Buttons_-_Full_Pack_Sprite_78.uasset" 811
"../../../../../../UE4 Projects/Football_Flick/Content/Blueprints/buttons/Buttons_-_Full_Pack_Sprite_79.uasset" 812
"../../../../../../UE4 Projects/Football_Flick/Content/Blueprints/buttons/Buttons_-_Full_Pack_Sprite_8.uasset" 813
"../../../../../../UE4 Projects/Football_Flick/Content/Blueprints/buttons/Buttons_-_Full_Pack_Sprite_80.uasset" 814
"../../../../../../UE4 Projects/Football_Flick/Content/Blueprints/buttons/Buttons_-_Full_Pack_Sprite_81.uasset" 815
"../../../../../../UE4 Projects/Football_Flick/Content/Blueprints/buttons/Buttons_-_Full_Pack_Sprite_82.uasset" 816
"../../../../../../UE4 Projects/Football_Flick/Content/Blueprints/buttons/Buttons_-_Full_Pack_Sprite_83.uasset" 817
"../../../../../../UE4 Projects/Football_Flick/Content/Blueprints/buttons/Buttons_-_Full_Pack_Sprite_84.uasset" 818
"../../../../../../UE4 Projects/Football_Flick/Content/Blueprints/buttons/Buttons_-_Full_Pack_Sprite_85.uasset" 819
"../../../../../../UE4 Projects/Football_Flick/Content/Blueprints/buttons/Buttons_-_Full_Pack_Sprite_86.uasset" 820
"../../../../../../UE4 Projects/Football_Flick/Content/Blueprints/buttons/Buttons_-_Full_Pack_Sprite_87.uasset" 821
"../../../../../../UE4 Projects/Football_Flick/Content/Blueprints/buttons/Buttons_-_Full_Pack_Sprite_88.uasset" 822
"../../../../../../UE4 Projects/Football_Flick/Content/Blueprints/buttons/Buttons_-_Full_Pack_Sprite_89.uasset" 823
"../../../../../../UE4 Projects/Football_Flick/Content/Blueprints/buttons/Buttons_-_Full_Pack_Sprite_9.uasset" 824
"../../../../../../UE4 Projects/Football_Flick/Content/Blueprints/buttons/Buttons_-_Full_Pack_Sprite_90.uasset" 825
"../../../../../../UE4 Projects/Football_Flick/Content/Blueprints/buttons/Buttons_-_Full_Pack_Sprite_91.uasset" 826
"../../../../../../UE4 Projects/Football_Flick/Content/Blueprints/buttons/Buttons_-_Full_Pack_Sprite_92.uasset" 827
"../../../../../../UE4 Projects/Football_Flick/Content/Blueprints/buttons/Buttons_-_Full_Pack_Sprite_93.uasset" 828
"../../../../../../UE4 Projects/Football_Flick/Content/Blueprints/buttons/Buttons_-_Full_Pack_Sprite_94.uasset" 829
"../../../../../../UE4 Projects/Football_Flick/Content/Blueprints/buttons/Buttons_-_Full_Pack_Sprite_95.uasset" 830
"../../../../../../UE4 Projects/Football_Flick/Content/Blueprints/buttons/Buttons_-_Full_Pack_Sprite_96.uasset" 831
"../../../../../../UE4 Projects/Football_Flick/Content/Blueprints/buttons/Buttons_-_Full_Pack_Sprite_97.uasset" 832
"../../../../../../UE4 Projects/Football_Flick/Content/Blueprints/buttons/Buttons_-_Full_Pack_Sprite_98.uasset" 833
"../../../../../../UE4 Projects/Football_Flick/Content/Blueprints/buttons/Buttons_-_Full_Pack_Sprite_99.uasset" 834
"../../../Engine/Content/Maps/Entry_BuiltData.uasset" 835
"../../../Engine/Content/Maps/Entry.umap" 836
"../../../../../../UE4 Projects/Football_Flick/Content/RetroShadersV4/RetroShader/Materials/T_DitherPatterns.uasset" 837
"../../../../../../UE4 Projects/Football_Flick/Content/Field_Goal_American_Football.uasset" 838
"../../../../../../UE4 Projects/Football_Flick/Content/Buildings/building_06.uasset" 839
"../../../../../../UE4 Projects/Football_Flick/Content/Buildings/building_06_1.uasset" 840
"../../../../../../UE4 Projects/Football_Flick/Content/Buildings/building_05.uasset" 841
"../../../../../../UE4 Projects/Football_Flick/Content/Buildings/building_05_2.uasset" 842
"../../../../../../UE4 Projects/Football_Flick/Content/Buildings/building_04.uasset" 843
"../../../../../../UE4 Projects/Football_Flick/Content/Buildings/building_04_1.uasset" 844
"../../../../../../UE4 Projects/Football_Flick/Content/Buildings/building_03.uasset" 845
"../../../../../../UE4 Projects/Football_Flick/Content/Buildings/building_03_1.uasset" 846
"../../../../../../UE4 Projects/Football_Flick/Content/Buildings/building_02.uasset" 847
"../../../../../../UE4 Projects/Football_Flick/Content/Buildings/building_02_1.uasset" 848
"../../../../../../UE4 Projects/Football_Flick/Content/Buildings/building_01.uasset" 849
"../../../../../../UE4 Projects/Football_Flick/Content/Buildings/building_01_1.uasset" 850
"../../../../../../UE4 Projects/Football_Flick/Content/RetroShadersV4/RetroShader/Materials/MPC_RetroShaders.uasset" 851
"../../../../../../UE4 Projects/Football_Flick/Content/RetroShadersV4/RetroShader/Materials/Surface/MF_VertexWobble.uasset" 852
"../../../../../../UE4 Projects/Football_Flick/Content/RetroShadersV4/RetroShader/Materials/Surface/MF_AffineTextureWarp.uasset" 853
"../../../../../../UE4 Projects/Football_Flick/Content/RetroShadersV4/RetroShader/Materials/Surface/M_EnvironmentMaster.uasset" 854
"../../../../../../UE4 Projects/Football_Flick/Content/GRAYWALL.uasset" 855
"../../../../../../UE4 Projects/Football_Flick/Content/SideWall_Mat.uasset" 856
"../../../../../../UE4 Projects/Football_Flick/Content/RetroShadersV4/RetroShader/Materials/PostProcess/MF_YUVtoRGB.uasset" 857
"../../../../../../UE4 Projects/Football_Flick/Content/RetroShadersV4/RetroShader/Materials/PostProcess/MF_RGBtoYUV.uasset" 858
"../../../../../../UE4 Projects/Football_Flick/Content/RetroShadersV4/RetroShader/Materials/PostProcess/MF_PosteriseColor.uasset" 859
"../../../Engine/Content/Functions/Engine_MaterialFunctions03/Blends/Blend_Overlay.uasset" 860
"../../../Engine/Content/Functions/Engine_MaterialFunctions02/Texturing/RaiseBlackLevelsByPercentage.uasset" 861
"../../../../../../UE4 Projects/Football_Flick/Content/RetroShadersV4/RetroShader/Materials/PostProcess/MF_DitherHacky.uasset" 862
"../../../../../../UE4 Projects/Football_Flick/Content/RetroShadersV4/RetroShader/Materials/PostProcess/MF_DitherAccurateBayer.uasset" 863
"../../../../../../UE4 Projects/Football_Flick/Content/RetroShadersV4/RetroShader/Materials/PostProcess/PP_RetroMain.uasset" 864
"../../../../../../UE4 Projects/Football_Flick/Content/RetroShadersV4/RetroShader/Materials/PostProcess/PPI_YUV+AcBayer.uasset" 865
"../../../../../../UE4 Projects/Football_Flick/Content/GARAGE.uasset" 866
"../../../../../../UE4 Projects/Football_Flick/Content/Padding_Mat.uasset" 867
"../../../../../../UE4 Projects/Football_Flick/Content/M_EnvironmentMaster_Inst.uasset" 868
"../../../../../../UE4 Projects/Football_Flick/Content/crowd-sports-fans-spectators-stadium.uasset" 869
"../../../../../../UE4 Projects/Football_Flick/Content/Crowd_Mat.uasset" 870
"../../../../../../UE4 Projects/Football_Flick/Content/Buildings/textures/building_07.uasset" 871
"../../../../../../UE4 Projects/Football_Flick/Content/Buildings/textures/Building07.uasset" 872
"../../../../../../UE4 Projects/Football_Flick/Content/Buildings/textures/building_06.uasset" 873
"../../../../../../UE4 Projects/Football_Flick/Content/Buildings/textures/Building06.uasset" 874
"../../../../../../UE4 Projects/Football_Flick/Content/Buildings/textures/building_04.uasset" 875
"../../../../../../UE4 Projects/Football_Flick/Content/Buildings/textures/Building04.uasset" 876
"../../../../../../UE4 Projects/Football_Flick/Content/Buildings/textures/building_03.uasset" 877
"../../../../../../UE4 Projects/Football_Flick/Content/Buildings/textures/Building03.uasset" 878
"../../../../../../UE4 Projects/Football_Flick/Content/Buildings/textures/Building02.uasset" 879
"../../../../../../UE4 Projects/Football_Flick/Content/Buildings/textures/building_01.uasset" 880
"../../../../../../UE4 Projects/Football_Flick/Content/Buildings/textures/Building01.uasset" 881
"../../../../../../UE4 Projects/Football_Flick/Content/RetroShadersV4/RetroShader/Materials/PostProcess/PP_ForceAO.uasset" 882
"../../../../../../UE4 Projects/Football_Flick/Content/RetroShadersV4/RetroShader/Materials/PostProcess/PP_CheapFog.uasset" 883
"../../../../../../UE4 Projects/Football_Flick/Content/PostGold.uasset" 884
"../../../../../../UE4 Projects/Football_Flick/Content/PaddingBlue.uasset" 885
"../../../../../../UE4 Projects/Football_Flick/Content/NewMaterial.uasset" 886
"../../../../../../UE4 Projects/Football_Flick/Content/crowd-sports-fans-spectators-stadium_Mat.uasset" 887
"../../../../../../UE4 Projects/Football_Flick/Content/AccuracyMap_BuiltData.uasset" 888
"../../../../../../UE4 Projects/Football_Flick/Content/Buildings/textures/building_05.uasset" 889
"../../../../../../UE4 Projects/Football_Flick/Content/Buildings/textures/Building05.uasset" 890
"../../../Engine/Content/EngineMaterials/DefaultLightFunctionMaterial.uasset" 891
"../../../Engine/Content/BasicShapes/Sphere.uasset" 892
"../../../Engine/Content/BasicShapes/Cube.uasset" 893
"../../../Engine/Content/BasicShapes/BasicShapeMaterial.uasset" 894
"../../../../../../UE4 Projects/Football_Flick/Content/Blueprints/YardLine_BP.uasset" 895
"../../../../../../UE4 Projects/Football_Flick/Content/Blueprints/GoalBox.uasset" 896
"../../Plugins/2D/Paper2D/Content/TranslucentUnlitSpriteMaterial.uasset" 897
"../../../../../../UE4 Projects/Football_Flick/Content/Blueprints/Football/icons8-circle-97.uasset" 898
"../../../../../../UE4 Projects/Football_Flick/Content/Blueprints/Football/icons8-circle-97_Sprite.uasset" 899
"../../../../../../UE4 Projects/Football_Flick/Content/Blueprints/Football/NoGoodMark.uasset" 900
"../../../../../../UE4 Projects/Football_Flick/Content/Blueprints/Football/icons8-circle-96.uasset" 901
"../../../../../../UE4 Projects/Football_Flick/Content/Blueprints/Football/icons8-circle-96_Sprite.uasset" 902
"../../../../../../UE4 Projects/Football_Flick/Content/Blueprints/Football/GoodMark.uasset" 903
"../../../../../../UE4 Projects/Football_Flick/Content/Blueprints/HighestAccuracySave.uasset" 904
"../../../../../../UE4 Projects/Football_Flick/Content/Blueprints/Practice.uasset" 905
"../../../../../../UE4 Projects/Football_Flick/Content/Blueprints/Football/arrow_right.uasset" 906
"../../../../../../UE4 Projects/Football_Flick/Content/Blueprints/Football/SHPinscher-Regular.uasset" 907
"../../../../../../UE4 Projects/Football_Flick/Content/NewFont.uasset" 908
"../../../../../../UE4 Projects/Football_Flick/Content/Blueprints/EndlessUI_GameOver.uasset" 909
"../../../../../../UE4 Projects/Football_Flick/Content/Blueprints/ScoreSave.uasset" 910
"../../../../../../UE4 Projects/Football_Flick/Content/Blueprints/KickPower.uasset" 911
"../../../../../../UE4 Projects/Football_Flick/Content/Blueprints/KickAngle.uasset" 912
"../../../../../../UE4 Projects/Football_Flick/Content/Blueprints/NewUserDefinedStruct.uasset" 913
"../../../../../../UE4 Projects/Football_Flick/Content/Blueprints/Football/image1.uasset" 914
"../../../../../../UE4 Projects/Football_Flick/Content/Blueprints/Football/image.uasset" 915
"../../../../../../UE4 Projects/Football_Flick/Content/Blueprints/FG_GoodTrigger_BP.uasset" 916
"../../../../../../UE4 Projects/Football_Flick/Content/Blueprints/Football/polySurface17_PolyPipe_1Mat.uasset" 917
"../../../../../../UE4 Projects/Football_Flick/Content/Blueprints/Football/fb_low.uasset" 918
"../../../../../../UE4 Projects/Football_Flick/Content/Blueprints/Football_Blueprint.uasset" 919
"../../../../../../UE4 Projects/Football_Flick/Content/Blueprints/DefaultPawn_BP.uasset" 920
"../../../../../../UE4 Projects/Football_Flick/Content/Blueprints/EndlessUI.uasset" 921
"../../../../../../UE4 Projects/Football_Flick/Content/Blueprints/EndlessUI_Pause.uasset" 922
"../../../../../../UE4 Projects/Football_Flick/Content/Blueprints/AccuracyUI_Pause.uasset" 923
"../../../../../../UE4 Projects/Football_Flick/Content/RetroShadersV4/RetroShader/T_RetroEditorBillboard.uasset" 924
"../../../../../../UE4 Projects/Football_Flick/Content/RetroShadersV4/RetroShader/Data/SPostEffect.uasset" 925
"../../../../../../UE4 Projects/Football_Flick/Content/RetroShadersV4/RetroShader/Data/EDitherMethods.uasset" 926
"../../../../../../UE4 Projects/Football_Flick/Content/RetroShadersV4/RetroShader/Materials/PostProcess/PPI_YUV+DitherHacky.uasset" 927
"../../../../../../UE4 Projects/Football_Flick/Content/RetroShadersV4/RetroShader/Materials/PostProcess/PPI_RGB+DitherHacky.uasset" 928
"../../../../../../UE4 Projects/Football_Flick/Content/RetroShadersV4/RetroShader/Materials/PostProcess/PPI_RGB+DitherAcBayer.uasset" 929
"../../../../../../UE4 Projects/Football_Flick/Content/RetroShadersV4/RetroShader/BP_RetroPostProcess.uasset" 930
"../../../../../../UE4 Projects/Football_Flick/Content/Blueprints/AccuracyUI_GameOver.uasset" 931
"../../../../../../UE4 Projects/Football_Flick/Content/Blueprints/Football/fb_low_lambert2SG_BaseColorLOWPIXEL.uasset" 932
"../../../../../../UE4 Projects/Football_Flick/Content/Blueprints/Football/fb_low_lambert2SG_BaseColorLOWPIXEL_Mat.uasset" 933
"../../../../../../UE4 Projects/Football_Flick/Content/Blueprints/AccuracyFootball_Blueprint.uasset" 934
"../../../../../../UE4 Projects/Football_Flick/Content/Blueprints/FadeOut.uasset" 935
"../../../../../../UE4 Projects/Football_Flick/Content/Blueprints/AccuracyPawn.uasset" 936
"../../../../../../UE4 Projects/Football_Flick/Content/Blueprints/AccuracyUI.uasset" 937
"../../../../../../UE4 Projects/Football_Flick/Content/Blueprints/AccuracyTrigger_BP.uasset" 938
"../../../../../../UE4 Projects/Football_Flick/Content/Particles_Wind_Control_System/Textures/T_Snowflake_10_B.uasset" 939
"../../../Engine/Content/Functions/Engine_MaterialFunctions01/Density/ExponentialDensity.uasset" 940
"../../../Engine/Content/Functions/Engine_MaterialFunctions01/Gradient/RadialGradientExponential.uasset" 941
"../../../../../../UE4 Projects/Football_Flick/Content/Particles_Wind_Control_System/Materials/M_Snow.uasset" 942
"../../../../../../UE4 Projects/Football_Flick/Content/Particles_Wind_Control_System/Blueprints/Components/Particles/P_Snow.uasset" 943
"../../../../../../UE4 Projects/Football_Flick/Content/Particles_Wind_Control_System/Textures/T_particles.uasset" 944
"../../../../../../UE4 Projects/Football_Flick/Content/Particles_Wind_Control_System/Blueprints/Components/Interface_Wind_Particle_True.uasset" 945
"../../../../../../UE4 Projects/Football_Flick/Content/Particles_Wind_Control_System/Blueprints/BP_Paticle_wind_settings.uasset" 946
"../../../../../../UE4 Projects/Football_Flick/Content/Particles_Wind_Control_System/Blueprints/Components/Wind_Update_Info.uasset" 947
"../../../../../../UE4 Projects/Football_Flick/Content/Particles_Wind_Control_System/Textures/T_Emitter.uasset" 948
"../../../../../../UE4 Projects/Football_Flick/Content/Particles_Wind_Control_System/Blueprints/BP_Particle_Snow.uasset" 949
"../../../Engine/Content/MapTemplates/SM_Template_Map_Floor.uasset" 950
"../../../Engine/Content/EngineSky/T_Sky_Stars.uasset" 951
"../../../Engine/Content/EngineSky/T_Sky_Clouds_M.uasset" 952
"../../../Engine/Content/EngineSky/T_Sky_Blue.uasset" 953
"../../../Engine/Content/EngineSky/M_Sky_Panning_Clouds2.uasset" 954
"../../../Engine/Content/EngineSky/SM_SkySphere.uasset" 955
"../../../Engine/Content/EngineSky/C_Sky_Zenith_Color.uasset" 956
"../../../Engine/Content/EngineSky/C_Sky_Horizon_Color.uasset" 957
"../../../Engine/Content/EngineSky/C_Sky_Cloud_Color.uasset" 958
"../../../Engine/Content/EngineSky/BP_Sky_Sphere.uasset" 959
"../../../Engine/Content/BasicShapes/Plane.uasset" 960
"../../../../../../UE4 Projects/Football_Flick/Content/AccuracyMap.umap" 961
"../../../../../../UE4 Projects/Football_Flick/Content/PSXEffect/keyboard_203.uasset" 962
"../../../../../../UE4 Projects/Football_Flick/Content/PSXEffect/keyboard_212.uasset" 963
"../../../../../../UE4 Projects/Football_Flick/Content/Blueprints/MainMenu.uasset" 964
"../../../../../../UE4 Projects/Football_Flick/Content/Menu_BuiltData.uasset" 965
"../../../../../../UE4 Projects/Football_Flick/Content/Menu.umap" 966
