"../../../Engine/Content/EngineMaterials/T_Default_Material_Grid_N.uasset" 0
"../../../Engine/Content/EngineMaterials/T_Default_Material_Grid_M.uasset" 1
"../../../Engine/Content/Functions/Engine_MaterialFunctions01/Opacity/CameraDepthFade.uasset" 2
"../../../Engine/Content/EngineMaterials/WorldGridMaterial.uasset" 3
"../../../Engine/Content/ArtTools/RenderToTexture/Meshes/S_1_Unit_Plane.uasset" 4
"../../../Engine/Content/EngineMaterials/DefaultMaterial.uasset" 5
"../../../Engine/Content/BasicShapes/Cone.uasset" 6
"../../../Engine/Content/EditorLandscapeResources/DataLayer.uasset" 7
"../../../Engine/Content/EditorLandscapeResources/DefaultAlphaTexture.uasset" 8
"../../../Engine/Content/EditorMaterials/MAT_Groups_Toggle.uasset" 9
"../../../Engine/Content/EditorMaterials/MAT_Groups_Visibility.uasset" 10
"../../../Engine/Content/EditorMaterials/PreviewShadowIndicator.uasset" 11
"../../../Engine/Content/EditorMaterials/PreviewShadowIndicatorMaterial.uasset" 12
"../../../Engine/Content/EditorMaterials/MatineeGroups/MAT_ColorTrack.uasset" 13
"../../../Engine/Content/EditorMaterials/MatineeGroups/MAT_Groups_Anim.uasset" 14
"../../../Engine/Content/EditorMaterials/MatineeGroups/MAT_Groups_AudioMaster.uasset" 15
"../../../Engine/Content/EditorMaterials/MatineeGroups/MAT_Groups_Director.uasset" 16
"../../../Engine/Content/EditorMaterials/MatineeGroups/MAT_Groups_Event.uasset" 17
"../../../Engine/Content/EditorMaterials/MatineeGroups/MAT_Groups_Fade.uasset" 18
"../../../Engine/Content/EditorMaterials/MatineeGroups/MAT_Groups_Float.uasset" 19
"../../../Engine/Content/EditorMaterials/MatineeGroups/MAT_Groups_Move.uasset" 20
"../../../Engine/Content/EditorMaterials/MatineeGroups/MAT_Groups_Slomo.uasset" 21
"../../../Engine/Content/EditorMaterials/MatineeGroups/MAT_Groups_Sound.uasset" 22
"../../../Engine/Content/EditorMaterials/MatineeGroups/MAT_Groups_Vector.uasset" 23
"../../../Engine/Content/EditorMaterials/ParticleSystems/PSysThumbnail_NoImage.uasset" 24
"../../../Engine/Content/EditorMaterials/ParticleSystems/PSysThumbnail_OOD.uasset" 25
"../../../Engine/Content/EditorMaterials/Camera/CineMat.uasset" 26
"../../../Engine/Content/EditorMaterials/Camera/MI_CineMat_Rig.uasset" 27
"../../../Engine/Content/EditorMeshes/Camera/SM_CraneRig_Arm.uasset" 28
"../../../Engine/Content/EditorMeshes/Camera/SM_CraneRig_Base.uasset" 29
"../../../Engine/Content/EditorMeshes/Camera/SM_CraneRig_Body.uasset" 30
"../../../Engine/Content/EditorMeshes/Camera/SM_CraneRig_Mount.uasset" 31
"../../../Engine/Content/EditorMeshes/Camera/SM_RailRig_Mount.uasset" 32
"../../../Engine/Content/EditorMeshes/Camera/SM_RailRig_Track.uasset" 33
"../../../Engine/Content/EditorResources/BSPVertex.uasset" 34
"../../../Engine/Content/EditorResources/EmptyActor.uasset" 35
"../../../Engine/Content/EditorResources/S_Actor.uasset" 36
"../../../Engine/Content/EditorResources/S_Note.uasset" 37
"../../../Engine/Content/EditorResources/S_Solver.uasset" 38
"../../../Engine/Content/EditorResources/S_Terrain.uasset" 39
"../../../Engine/Content/EditorResources/S_Trigger.uasset" 40
"../../../Engine/Content/EditorResources/LightIcons/S_LightError.uasset" 41
"../../../Engine/Content/EditorResources/SequenceRecorder/Countdown.uasset" 42
"../../../Engine/Content/EditorResources/SequenceRecorder/RecordingIndicator.uasset" 43
"../../../Engine/Content/EngineDamageTypes/DmgTypeBP_Environmental.uasset" 44
"../../../Engine/Content/EngineDebugMaterials/DebugEditorMaterial.uasset" 45
"../../../Engine/Content/EngineDebugMaterials/DebugMeshMaterial.uasset" 46
"../../../Engine/Content/EngineDebugMaterials/M_SimpleUnlitTranslucent.uasset" 47
"../../../Engine/Content/EngineDebugMaterials/VolumeToRender.uasset" 48
"../../../Engine/Content/Functions/Engine_MaterialFunctions02/Utility/CameraDirectionVector.uasset" 49
"../../../Engine/Content/EngineDebugMaterials/M_VolumeRenderSphereTracePP.uasset" 50
"../../../Engine/Content/Functions/Engine_MaterialFunctions01/Shading/ConvertFromDiffSpec.uasset" 51
"../../../Engine/Content/EngineDebugMaterials/VertexColorMaterial.uasset" 52
"../../../Engine/Content/EngineDebugMaterials/WireframeMaterial.uasset" 53
"../../../Engine/Content/EngineFonts/Faces/RobotoRegular.uasset" 54
"../../../Engine/Content/EngineFonts/Faces/RobotoLight.uasset" 55
"../../../Engine/Content/EngineFonts/Faces/RobotoItalic.uasset" 56
"../../../Engine/Content/EngineFonts/Faces/RobotoBoldItalic.uasset" 57
"../../../Engine/Content/EngineFonts/Faces/RobotoBold.uasset" 58
"../../../Engine/Content/EngineFonts/Faces/DroidSansFallback.uasset" 59
"../../../Engine/Content/EngineFonts/Roboto.uasset" 60
"../../../Engine/Content/EngineMaterials/BaseFlattenNormalMap.uasset" 61
"../../../Engine/Content/EngineMaterials/BaseFlattenGrayscaleMap.uasset" 62
"../../../Engine/Content/EngineMaterials/BaseFlattenEmissiveMap.uasset" 63
"../../../Engine/Content/EngineMaterials/BaseFlattenDiffuseMap.uasset" 64
"../../../Engine/Content/EngineMaterials/BaseFlattenMaterial.uasset" 65
"../../../Engine/Content/EngineMaterials/BlueNoise.uasset" 66
"../../../Engine/Content/EngineMaterials/DefaultBloomKernel.uasset" 67
"../../../Engine/Content/EngineMaterials/DefaultBokeh.uasset" 68
"../../../Engine/Content/EngineMaterials/DefaultDiffuse.uasset" 69
"../../../Engine/Content/EngineMaterials/DefaultDeferredDecalMaterial.uasset" 70
"../../../Engine/Content/EngineMaterials/DefaultLightFunctionMaterial.uasset" 71
"../../../Engine/Content/EngineMaterials/DefaultPhysicalMaterial.uasset" 72
"../../../Engine/Content/Functions/Engine_MaterialFunctions02/Utility/BreakOutFloat2Components.uasset" 73
"../../../Engine/Content/EngineMaterials/DefaultPostProcessMaterial.uasset" 74
"../../../Engine/Content/EngineFonts/RobotoDistanceField.uasset" 75
"../../../Engine/Content/EngineMaterials/DefaultTextMaterialOpaque.uasset" 76
"../../../Engine/Content/EngineMaterials/DefaultWhiteGrid.uasset" 77
"../../../Engine/Content/EngineMaterials/DefaultWhiteGrid_Low.uasset" 78
"../../../Engine/Content/EngineMaterials/EmissiveMeshMaterial.uasset" 79
"../../../Engine/Content/EngineMaterials/GizmoMaterial.uasset" 80
"../../../Engine/Content/EngineMaterials/Good64x64TilingNoiseHighFreq.uasset" 81
"../../../Engine/Content/EngineMaterials/MiniFont.uasset" 82
"../../../Engine/Content/EngineMaterials/InvalidLightmapSettings.uasset" 83
"../../../Engine/Content/EngineMaterials/M_InvalidLightmapSettings.uasset" 84
"../../../Engine/Content/Functions/Engine_MaterialFunctions02/WorldPositionOffset/CameraOffset.uasset" 85
"../../../Engine/Content/EngineMaterials/PhAT_JointLimitMaterial.uasset" 86
"../../../Engine/Content/EngineMaterials/PreintegratedSkinBRDF.uasset" 87
"../../../Engine/Content/EngineMaterials/RemoveSurfaceMaterial.uasset" 88
"../../../Engine/Content/EngineMaterials/WeightMapPlaceholderTexture.uasset" 89
"../../../Engine/Content/EngineResources/WhiteSquareTexture.uasset" 90
"../../../Engine/Content/EngineMaterials/Widget3DPassThrough.uasset" 91
"../../../Engine/Content/EngineMaterials/Widget3DPassThrough_Masked.uasset" 92
"../../../Engine/Content/EngineMaterials/Widget3DPassThrough_Opaque.uasset" 93
"../../../Engine/Content/EngineMaterials/Widget3DPassThrough_Masked_OneSided.uasset" 94
"../../../Engine/Content/EngineMaterials/Widget3DPassThrough_Opaque_OneSided.uasset" 95
"../../../Engine/Content/EngineMaterials/Widget3DPassThrough_Translucent.uasset" 96
"../../../Engine/Content/EngineMaterials/Widget3DPassThrough_Translucent_OneSided.uasset" 97
"../../../Engine/Content/EngineMeshes/Cylinder.uasset" 98
"../../../Engine/Content/EngineMeshes/Sphere.uasset" 99
"../../../Engine/Content/EngineResources/Black.uasset" 100
"../../../Engine/Content/EngineResources/DefaultTextureCube.uasset" 101
"../../../Engine/Content/EngineResources/DefaultVolumeTexture2D.uasset" 102
"../../../Engine/Content/EngineResources/DefaultVolumeTexture.uasset" 103
"../../../Engine/Content/EngineResources/GradientTexture0.uasset" 104
"../../../Engine/Content/EngineSky/VolumetricClouds/T_NoiseShape64.uasset" 105
"../../../Engine/Content/EngineSky/VolumetricClouds/T_VolumeNoiseShape64.uasset" 106
"../../../Engine/Content/EngineSky/VolumetricClouds/T_NoiseErosion.uasset" 107
"../../../Engine/Content/EngineSky/VolumetricClouds/T_VolumeNoiseErosion32.uasset" 108
"../../../Engine/Content/EngineSky/VolumetricClouds/CloudWeatherTexture.uasset" 109
"../../../Engine/Content/EngineSky/VolumetricClouds/CloudGradientTexture.uasset" 110
"../../../Engine/Content/Functions/Engine_MaterialFunctions02/Utility/MakeFloat2.uasset" 111
"../../../Engine/Content/EngineSky/VolumetricClouds/m_SimpleVolumetricCloud.uasset" 112
"../../../Engine/Content/EngineSky/VolumetricClouds/m_SimpleVolumetricCloud_Inst.uasset" 113
"../../../Engine/Content/EngineSounds/Master.uasset" 114
"../../../Engine/Content/Functions/Engine_MaterialFunctions01/Shading/PowerToRoughness.uasset" 115
"../../../Engine/Content/Maps/Templates/Thumbnails/Default.uasset" 116
"../../../Engine/Content/Maps/Templates/Thumbnails/TimeOfDay.uasset" 117
"../../../Engine/Content/Maps/Templates/Thumbnails/VR-Basic.uasset" 118
"../../../Engine/Content/MobileResources/T_MobileControls_texture.uasset" 119
"../../../Engine/Content/MobileResources/T_MobileMenu2.uasset" 120
"../../../Engine/Content/MobileResources/HUD/AnalogHat.uasset" 121
"../../../Engine/Content/MobileResources/HUD/VirtualJoystick_Thumb.uasset" 122
"../../../Engine/Content/MobileResources/HUD/VirtualJoystick_Background.uasset" 123
"../../../Engine/Content/MobileResources/HUD/DefaultVirtualJoysticks.uasset" 124
"../../../Engine/Content/MobileResources/HUD/LeftVirtualJoystickOnly.uasset" 125
"../../../Engine/Content/MobileResources/HUD/MobileHUDButton1_off.uasset" 126
"../../../Engine/Content/MobileResources/HUD/MobileHUDButton1_on.uasset" 127
"../../../Engine/Content/MobileResources/HUD/MobileHUDButton2_off.uasset" 128
"../../../Engine/Content/MobileResources/HUD/MobileHUDButton2_on.uasset" 129
"../../../Engine/Content/MobileResources/HUD/MobileHUDButton3.uasset" 130
"../../../Engine/Content/MobileResources/HUD/MobileHUDButtonFire.uasset" 131
"../../../Engine/Content/MobileResources/HUD/MobileHUDDirectionPad.uasset" 132
"../../../Engine/Content/MobileResources/HUD/MobileHUDDirectionPad2.uasset" 133
"../../../Engine/Content/MobileResources/HUD/MobileHUDDirectionPad3.uasset" 134
"../../../Engine/Content/MobileResources/HUD/MobileHUDDirectionStick.uasset" 135
"../../../Engine/Content/MobileResources/HUD/T_Castle_ThumbstickInner.uasset" 136
"../../../Engine/Content/MobileResources/HUD/T_Castle_ThumbstickOutter.uasset" 137
"../../../Engine/Content/Tutorial/ContentIntroCurve.uasset" 138
"../../../Engine/Content/Tutorial/Basics/LevelEditorAttract.uasset" 139
"../../../Engine/Content/VREditor/TransformGizmo/TranslucentTransformGizmoMaterial.uasset" 140
"../../../Engine/Content/VREditor/LaserPointer/VR_LaserPower_01.uasset" 141
"../../../Engine/Content/VREditor/TransformGizmo/TransformGizmoMaterial.uasset" 142
"../../../Engine/Content/VREditor/TransformGizmo/BoundingBoxCorner.uasset" 143
"../../../Engine/Content/VREditor/TransformGizmo/BoundingBoxEdge.uasset" 144
"../../../Engine/Content/VREditor/TransformGizmo/PlaneTranslationHandle.uasset" 145
"../../../Engine/Content/VREditor/TransformGizmo/Xray.uasset" 146
"../../../Engine/Content/VREditor/TransformGizmo/Main.uasset" 147
"../../../Engine/Content/VREditor/TransformGizmo/SM_Sequencer_Key.uasset" 148
"../../../Engine/Content/VREditor/TransformGizmo/SM_Sequencer_Node.uasset" 149
"../../Plugins/2D/Paper2D/Content/PlaceholderTextures/DummySpriteTexture.uasset" 150
"../../Plugins/2D/Paper2D/Content/DummySprite.uasset" 151
"../../Plugins/2D/Paper2D/Content/DefaultPaperTerrainMaterial.uasset" 152
"../../Plugins/2D/Paper2D/Content/DefaultSpriteMaterial.uasset" 153
"../../Plugins/2D/Paper2D/Content/MaskedUnlitSpriteMaterial.uasset" 154
"../../Plugins/2D/Paper2D/Content/OpaqueUnlitSpriteMaterial.uasset" 155
"../../../Engine/Content/Functions/Engine_MaterialFunctions02/ObjectLocalBounds.uasset" 156
"../../../Engine/Content/Functions/Engine_MaterialFunctions02/Utility/BreakOutFloat3Components.uasset" 157
"../../Plugins/Editor/SpeedTreeImporter/Content/SpeedTree9/UnpackInteger3.uasset" 158
"../../Plugins/Editor/SpeedTreeImporter/Content/SpeedTree9/UnpackDirection.uasset" 159
"../../Plugins/Editor/SpeedTreeImporter/Content/SpeedTree9/game_wind_noise.uasset" 160
"../../../Engine/Content/Functions/Engine_MaterialFunctions02/SafeNormalize.uasset" 161
"../../Plugins/Editor/SpeedTreeImporter/Content/SpeedTree9/SpeedTreeWindMotion.uasset" 162
"../../Plugins/Editor/SpeedTreeImporter/Content/SpeedTree9/SpeedTreeBranchMotion.uasset" 163
"../../../Engine/Content/Functions/Engine_MaterialFunctions02/UVs/BoundingBoxBased_0-1_UVW.uasset" 164
"../../Plugins/Editor/SpeedTreeImporter/Content/SpeedTree9/SpeedTreeWind.uasset" 165
"../../Plugins/Editor/SpeedTreeImporter/Content/SpeedTree9/SpeedTreeBillboard.uasset" 166
"../../../Engine/Content/EngineResources/DefaultTexture.uasset" 167
"../../Plugins/Editor/SpeedTreeImporter/Content/SpeedTree9/SpeedTreeBillboardMaster.uasset" 168
"../../Plugins/Editor/SpeedTreeImporter/Content/SpeedTree9/SpeedTreeCameraFacing.uasset" 169
"../../Plugins/Editor/SpeedTreeImporter/Content/SpeedTree9/SpeedTreeMaster.uasset" 170
"../../../Engine/Content/BasicShapes/Cylinder.uasset" 171
"../../../Engine/Content/ArtTools/RenderToTexture/Materials/Debug/M_Emissive_Color.uasset" 172
"../../Plugins/Lumin/MagicLeapPassableWorld/Content/MagicLeapARPinInfoActor.uasset" 173
"../../../Engine/Content/Functions/Engine_MaterialFunctions02/Utility/MakeFloat3.uasset" 174
"../../../Engine/Content/Functions/Engine_MaterialFunctions02/Utility/BreakOutFloat4Components.uasset" 175
"../../Plugins/Runtime/Oculus/OculusVR/Content/Materials/OculusMR_ChromaKey.uasset" 176
"../../Plugins/Runtime/Oculus/OculusVR/Content/Materials/OculusMR_OpaqueColoredMaterial.uasset" 177
"../../Plugins/Runtime/Oculus/OculusVR/Content/Materials/PokeAHoleMaterial.uasset" 178
"../../../../../../UE4 Projects/Football_Flick/Content/PostGold.uasset" 179
"../../../../../../UE4 Projects/Football_Flick/Content/Cylinder001Mat.uasset" 180
"../../../../../../UE4 Projects/Football_Flick/Content/Field_Goal_American_Football.uasset" 181
"../../../Engine/Content/MapTemplates/SM_Template_Map_Floor.uasset" 182
"../../../Engine/Content/EngineSky/T_Sky_Stars.uasset" 183
"../../../Engine/Content/EngineSky/T_Sky_Clouds_M.uasset" 184
"../../../Engine/Content/EngineSky/T_Sky_Blue.uasset" 185
"../../../Engine/Content/EngineMaterials/BlendFunc_DefBlend.uasset" 186
"../../../Engine/Content/BasicShapes/Sphere.uasset" 187
"../../../Engine/Content/BasicShapes/Plane.uasset" 188
"../../../Engine/Content/EngineMaterials/BlendFunc_DefBase.uasset" 189
"../../../../../../UE4 Projects/Football_Flick/Content/RetroShadersV4/RetroShader/Materials/T_DitherPatterns.uasset" 190
"../../../Engine/Content/Functions/Engine_MaterialFunctions02/Utility/AppendMany.uasset" 191
"../../../../../../UE4 Projects/Football_Flick/Content/RetroShadersV4/RetroShader/Materials/PostProcess/MF_YUVtoRGB.uasset" 192
"../../../../../../UE4 Projects/Football_Flick/Content/RetroShadersV4/RetroShader/Materials/PostProcess/MF_RGBtoYUV.uasset" 193
"../../../../../../UE4 Projects/Football_Flick/Content/RetroShadersV4/RetroShader/Materials/PostProcess/MF_PosteriseColor.uasset" 194
"../../../Engine/Content/Functions/Engine_MaterialFunctions03/Blends/Blend_Overlay.uasset" 195
"../../../Engine/Content/Functions/Engine_MaterialFunctions02/Texturing/RaiseBlackLevelsByPercentage.uasset" 196
"../../../../../../UE4 Projects/Football_Flick/Content/RetroShadersV4/RetroShader/Materials/PostProcess/MF_DitherHacky.uasset" 197
"../../../../../../UE4 Projects/Football_Flick/Content/RetroShadersV4/RetroShader/Materials/PostProcess/MF_DitherAccurateBayer.uasset" 198
"../../../../../../UE4 Projects/Football_Flick/Content/RetroShadersV4/RetroShader/Materials/PostProcess/PP_RetroMain.uasset" 199
"../../../../../../UE4 Projects/Football_Flick/Content/RetroShadersV4/RetroShader/Materials/PostProcess/PPI_YUV+AcBayer.uasset" 200
"../../../../../../UE4 Projects/Football_Flick/Content/RetroShadersV4/RetroShader/Materials/MPC_RetroShaders.uasset" 201
"../../../../../../UE4 Projects/Football_Flick/Content/RetroShadersV4/RetroShader/Materials/Surface/MF_VertexWobble.uasset" 202
"../../../../../../UE4 Projects/Football_Flick/Content/RetroShadersV4/RetroShader/Materials/Surface/MF_AffineTextureWarp.uasset" 203
"../../../../../../UE4 Projects/Football_Flick/Content/RetroShadersV4/RetroShader/Materials/Surface/M_EnvironmentMaster.uasset" 204
"../../../../../../UE4 Projects/Football_Flick/Content/Blueprints/G8tveuM.uasset" 205
"../../../../../../UE4 Projects/Football_Flick/Content/M_EnvironmentMaster_Inst.uasset" 206
"../../../../../../UE4 Projects/Football_Flick/Content/RetroShadersV4/RetroShader/Materials/PostProcess/PP_ForceAO.uasset" 207
"../../../Engine/Content/Functions/Engine_MaterialFunctions02/Utility/VectorLength.uasset" 208
"../../../../../../UE4 Projects/Football_Flick/Content/RetroShadersV4/RetroShader/Materials/PostProcess/PP_CheapFog.uasset" 209
"../../../../../../UE4 Projects/Football_Flick/Content/PaddingBlue.uasset" 210
"../../../../../../UE4 Projects/Football_Flick/Content/NewMaterial.uasset" 211
"../../../../../../UE4 Projects/Football_Flick/Content/crowd-sports-fans-spectators-stadium.uasset" 212
"../../../../../../UE4 Projects/Football_Flick/Content/crowd-sports-fans-spectators-stadium_Mat.uasset" 213
"../../../Engine/Content/EngineSky/M_Sky_Panning_Clouds2.uasset" 214
"../../../Engine/Content/BasicShapes/BasicShapeMaterial.uasset" 215
"../../../../../../UE4 Projects/Football_Flick/Content/AccuracyMap_BuiltData.uasset" 216
"../../../Engine/Content/BasicShapes/Cube.uasset" 217
"../../../../../../UE4 Projects/Football_Flick/Content/Blueprints/YardLine_BP.uasset" 218
"../../../../../../UE4 Projects/Football_Flick/Content/Blueprints/Football/SHPinscher-Regular.uasset" 219
"../../../../../../UE4 Projects/Football_Flick/Content/NewFont.uasset" 220
"../../../../../../UE4 Projects/Football_Flick/Content/Blueprints/Football/arrow_right.uasset" 221
"../../../../../../UE4 Projects/Football_Flick/Content/Blueprints/EndlessUI_Pause.uasset" 222
"../../../../../../UE4 Projects/Football_Flick/Content/Blueprints/Practice.uasset" 223
"../../../../../../UE4 Projects/Football_Flick/Content/Blueprints/EndlessUI.uasset" 224
"../../../Engine/Content/EditorBlueprintResources/StandardMacros.uasset" 225
"../../../../../../UE4 Projects/Football_Flick/Content/Blueprints/Football/icons8-circle-96.uasset" 226
"../../Plugins/2D/Paper2D/Content/TranslucentUnlitSpriteMaterial.uasset" 227
"../../../../../../UE4 Projects/Football_Flick/Content/Blueprints/Football/icons8-circle-96_Sprite.uasset" 228
"../../../../../../UE4 Projects/Football_Flick/Content/Blueprints/Football/GoodMark.uasset" 229
"../../../../../../UE4 Projects/Football_Flick/Content/Blueprints/Football/icons8-xbox-x-100.uasset" 230
"../../../../../../UE4 Projects/Football_Flick/Content/Blueprints/Football/icons8-xbox-x-100_Sprite.uasset" 231
"../../../../../../UE4 Projects/Football_Flick/Content/Blueprints/Football/NoGoodMark.uasset" 232
"../../../../../../UE4 Projects/Football_Flick/Content/Blueprints/ScoreSave.uasset" 233
"../../../../../../UE4 Projects/Football_Flick/Content/Blueprints/FG_GoodTrigger_BP.uasset" 234
"../../../../../../UE4 Projects/Football_Flick/Content/Blueprints/Football/image.uasset" 235
"../../../../../../UE4 Projects/Football_Flick/Content/Blueprints/Football/image1.uasset" 236
"../../../../../../UE4 Projects/Football_Flick/Content/Blueprints/NewUserDefinedStruct.uasset" 237
"../../../../../../UE4 Projects/Football_Flick/Content/Blueprints/Football/polySurface17_PolyPipe_1Mat.uasset" 238
"../../../../../../UE4 Projects/Football_Flick/Content/Blueprints/Football/fb_low.uasset" 239
"../../../../../../UE4 Projects/Football_Flick/Content/Blueprints/Football_Blueprint.uasset" 240
"../../../../../../UE4 Projects/Football_Flick/Content/Blueprints/KickAngle.uasset" 241
"../../../../../../UE4 Projects/Football_Flick/Content/Blueprints/KickPower.uasset" 242
"../../../../../../UE4 Projects/Football_Flick/Content/Blueprints/EndlessUI_GameOver.uasset" 243
"../../../../../../UE4 Projects/Football_Flick/Content/Blueprints/DefaultPawn_BP.uasset" 244
"../../../../../../UE4 Projects/Football_Flick/Content/RetroShadersV4/RetroShader/T_RetroEditorBillboard.uasset" 245
"../../../../../../UE4 Projects/Football_Flick/Content/RetroShadersV4/RetroShader/Data/SPostEffect.uasset" 246
"../../../../../../UE4 Projects/Football_Flick/Content/RetroShadersV4/RetroShader/Data/EDitherMethods.uasset" 247
"../../../../../../UE4 Projects/Football_Flick/Content/RetroShadersV4/RetroShader/Materials/PostProcess/PPI_YUV+DitherHacky.uasset" 248
"../../../../../../UE4 Projects/Football_Flick/Content/RetroShadersV4/RetroShader/Materials/PostProcess/PPI_RGB+DitherHacky.uasset" 249
"../../../../../../UE4 Projects/Football_Flick/Content/RetroShadersV4/RetroShader/Materials/PostProcess/PPI_RGB+DitherAcBayer.uasset" 250
"../../../../../../UE4 Projects/Football_Flick/Content/RetroShadersV4/RetroShader/BP_RetroPostProcess.uasset" 251
"../../../../../../UE4 Projects/Football_Flick/Content/Blueprints/HighestAccuracySave.uasset" 252
"../../../../../../UE4 Projects/Football_Flick/Content/Blueprints/AccuracyUI_Pause.uasset" 253
"../../../../../../UE4 Projects/Football_Flick/Content/Blueprints/AccuracyUI.uasset" 254
"../../../../../../UE4 Projects/Football_Flick/Content/Blueprints/AccuracyUI_GameOver.uasset" 255
"../../../../../../UE4 Projects/Football_Flick/Content/Blueprints/AccuracyPawn.uasset" 256
"../../../../../../UE4 Projects/Football_Flick/Content/Blueprints/Football/fb_low_lambert2SG_BaseColorLOWPIXEL.uasset" 257
"../../../../../../UE4 Projects/Football_Flick/Content/Blueprints/Football/fb_low_lambert2SG_BaseColorLOWPIXEL_Mat.uasset" 258
"../../../../../../UE4 Projects/Football_Flick/Content/Blueprints/AccuracyFootball_Blueprint.uasset" 259
"../../../../../../UE4 Projects/Football_Flick/Content/Blueprints/GoalBox.uasset" 260
"../../../../../../UE4 Projects/Football_Flick/Content/Blueprints/AccuracyTrigger_BP.uasset" 261
"../../../Engine/Content/EngineSky/SM_SkySphere.uasset" 262
"../../../Engine/Content/EngineSky/C_Sky_Zenith_Color.uasset" 263
"../../../Engine/Content/EngineSky/C_Sky_Horizon_Color.uasset" 264
"../../../Engine/Content/EngineSky/C_Sky_Cloud_Color.uasset" 265
"../../../Engine/Content/EngineSky/BP_Sky_Sphere.uasset" 266
"../../../../../../UE4 Projects/Football_Flick/Content/AccuracyMap.umap" 267
"../../../../../../UE4 Projects/Football_Flick/Content/Menu_BuiltData.uasset" 268
"../../../../../../UE4 Projects/Football_Flick/Content/Blueprints/MainMenu.uasset" 269
"../../../../../../UE4 Projects/Football_Flick/Content/Menu.umap" 270
"../../../../../../UE4 Projects/Football_Flick/Content/TestMap_BuiltData.uasset" 271
"../../../../../../UE4 Projects/Football_Flick/Content/Blueprints/G8tveuM_Mat.uasset" 272
"../../../../../../UE4 Projects/Football_Flick/Content/TestMap.umap" 273
"../../../Engine/Content/Maps/Entry_BuiltData.uasset" 274
"../../../Engine/Content/Maps/Entry.umap" 275
